running job: 4
Starting Main
Using random state: 4
Loaded Data
Starting Experiments
Training Unnamed: 0 model ...
Fitting 5 folds for each of 12 candidates, totalling 60 fits
/home-mscluster/erex/anaconda3/lib/python3.9/site-packages/sklearn/neural_network/_multilayer_perceptron.py:692: ConvergenceWarning: Stochastic Optimizer: Maximum iterations (5000) reached and the optimization hasn't converged yet.
  warnings.warn(
/home-mscluster/erex/anaconda3/lib/python3.9/site-packages/sklearn/neural_network/_multilayer_perceptron.py:692: ConvergenceWarning: Stochastic Optimizer: Maximum iterations (5000) reached and the optimization hasn't converged yet.
  warnings.warn(
/home-mscluster/erex/anaconda3/lib/python3.9/site-packages/sklearn/neural_network/_multilayer_perceptron.py:692: ConvergenceWarning: Stochastic Optimizer: Maximum iterations (5000) reached and the optimization hasn't converged yet.
  warnings.warn(
/home-mscluster/erex/anaconda3/lib/python3.9/site-packages/sklearn/neural_network/_multilayer_perceptron.py:692: ConvergenceWarning: Stochastic Optimizer: Maximum iterations (5000) reached and the optimization hasn't converged yet.
  warnings.warn(
/home-mscluster/erex/anaconda3/lib/python3.9/site-packages/sklearn/neural_network/_multilayer_perceptron.py:692: ConvergenceWarning: Stochastic Optimizer: Maximum iterations (5000) reached and the optimization hasn't converged yet.
  warnings.warn(
/home-mscluster/erex/anaconda3/lib/python3.9/site-packages/sklearn/neural_network/_multilayer_perceptron.py:692: ConvergenceWarning: Stochastic Optimizer: Maximum iterations (5000) reached and the optimization hasn't converged yet.
  warnings.warn(
/home-mscluster/erex/anaconda3/lib/python3.9/site-packages/sklearn/neural_network/_multilayer_perceptron.py:692: ConvergenceWarning: Stochastic Optimizer: Maximum iterations (5000) reached and the optimization hasn't converged yet.
  warnings.warn(
/home-mscluster/erex/anaconda3/lib/python3.9/site-packages/sklearn/neural_network/_multilayer_perceptron.py:692: ConvergenceWarning: Stochastic Optimizer: Maximum iterations (5000) reached and the optimization hasn't converged yet.
  warnings.warn(
/home-mscluster/erex/anaconda3/lib/python3.9/site-packages/sklearn/neural_network/_multilayer_perceptron.py:692: ConvergenceWarning: Stochastic Optimizer: Maximum iterations (5000) reached and the optimization hasn't converged yet.
  warnings.warn(
/home-mscluster/erex/anaconda3/lib/python3.9/site-packages/sklearn/neural_network/_multilayer_perceptron.py:692: ConvergenceWarning: Stochastic Optimizer: Maximum iterations (5000) reached and the optimization hasn't converged yet.
  warnings.warn(
/home-mscluster/erex/anaconda3/lib/python3.9/site-packages/sklearn/neural_network/_multilayer_perceptron.py:692: ConvergenceWarning: Stochastic Optimizer: Maximum iterations (5000) reached and the optimization hasn't converged yet.
  warnings.warn(
/home-mscluster/erex/anaconda3/lib/python3.9/site-packages/sklearn/neural_network/_multilayer_perceptron.py:692: ConvergenceWarning: Stochastic Optimizer: Maximum iterations (5000) reached and the optimization hasn't converged yet.
  warnings.warn(
/home-mscluster/erex/anaconda3/lib/python3.9/site-packages/sklearn/neural_network/_multilayer_perceptron.py:692: ConvergenceWarning: Stochastic Optimizer: Maximum iterations (5000) reached and the optimization hasn't converged yet.
  warnings.warn(
/home-mscluster/erex/anaconda3/lib/python3.9/site-packages/sklearn/neural_network/_multilayer_perceptron.py:692: ConvergenceWarning: Stochastic Optimizer: Maximum iterations (5000) reached and the optimization hasn't converged yet.
  warnings.warn(
/home-mscluster/erex/anaconda3/lib/python3.9/site-packages/sklearn/neural_network/_multilayer_perceptron.py:692: ConvergenceWarning: Stochastic Optimizer: Maximum iterations (5000) reached and the optimization hasn't converged yet.
  warnings.warn(
/home-mscluster/erex/anaconda3/lib/python3.9/site-packages/sklearn/neural_network/_multilayer_perceptron.py:692: ConvergenceWarning: Stochastic Optimizer: Maximum iterations (5000) reached and the optimization hasn't converged yet.
  warnings.warn(
/home-mscluster/erex/anaconda3/lib/python3.9/site-packages/sklearn/neural_network/_multilayer_perceptron.py:692: ConvergenceWarning: Stochastic Optimizer: Maximum iterations (5000) reached and the optimization hasn't converged yet.
  warnings.warn(
/home-mscluster/erex/anaconda3/lib/python3.9/site-packages/sklearn/neural_network/_multilayer_perceptron.py:692: ConvergenceWarning: Stochastic Optimizer: Maximum iterations (5000) reached and the optimization hasn't converged yet.
  warnings.warn(
/home-mscluster/erex/anaconda3/lib/python3.9/site-packages/sklearn/neural_network/_multilayer_perceptron.py:692: ConvergenceWarning: Stochastic Optimizer: Maximum iterations (5000) reached and the optimization hasn't converged yet.
  warnings.warn(
/home-mscluster/erex/anaconda3/lib/python3.9/site-packages/sklearn/neural_network/_multilayer_perceptron.py:692: ConvergenceWarning: Stochastic Optimizer: Maximum iterations (5000) reached and the optimization hasn't converged yet.
  warnings.warn(
/home-mscluster/erex/anaconda3/lib/python3.9/site-packages/sklearn/neural_network/_multilayer_perceptron.py:692: ConvergenceWarning: Stochastic Optimizer: Maximum iterations (5000) reached and the optimization hasn't converged yet.
  warnings.warn(
/home-mscluster/erex/anaconda3/lib/python3.9/site-packages/sklearn/neural_network/_multilayer_perceptron.py:692: ConvergenceWarning: Stochastic Optimizer: Maximum iterations (5000) reached and the optimization hasn't converged yet.
  warnings.warn(
/home-mscluster/erex/anaconda3/lib/python3.9/site-packages/sklearn/neural_network/_multilayer_perceptron.py:692: ConvergenceWarning: Stochastic Optimizer: Maximum iterations (5000) reached and the optimization hasn't converged yet.
  warnings.warn(
/home-mscluster/erex/anaconda3/lib/python3.9/site-packages/sklearn/neural_network/_multilayer_perceptron.py:692: ConvergenceWarning: Stochastic Optimizer: Maximum iterations (5000) reached and the optimization hasn't converged yet.
  warnings.warn(
/home-mscluster/erex/anaconda3/lib/python3.9/site-packages/sklearn/neural_network/_multilayer_perceptron.py:692: ConvergenceWarning: Stochastic Optimizer: Maximum iterations (5000) reached and the optimization hasn't converged yet.
  warnings.warn(
/home-mscluster/erex/anaconda3/lib/python3.9/site-packages/sklearn/neural_network/_multilayer_perceptron.py:692: ConvergenceWarning: Stochastic Optimizer: Maximum iterations (5000) reached and the optimization hasn't converged yet.
  warnings.warn(
/home-mscluster/erex/anaconda3/lib/python3.9/site-packages/sklearn/neural_network/_multilayer_perceptron.py:692: ConvergenceWarning: Stochastic Optimizer: Maximum iterations (5000) reached and the optimization hasn't converged yet.
  warnings.warn(
/home-mscluster/erex/anaconda3/lib/python3.9/site-packages/sklearn/neural_network/_multilayer_perceptron.py:692: ConvergenceWarning: Stochastic Optimizer: Maximum iterations (5000) reached and the optimization hasn't converged yet.
  warnings.warn(
/home-mscluster/erex/anaconda3/lib/python3.9/site-packages/sklearn/neural_network/_multilayer_perceptron.py:692: ConvergenceWarning: Stochastic Optimizer: Maximum iterations (5000) reached and the optimization hasn't converged yet.
  warnings.warn(
/home-mscluster/erex/anaconda3/lib/python3.9/site-packages/sklearn/neural_network/_multilayer_perceptron.py:692: ConvergenceWarning: Stochastic Optimizer: Maximum iterations (5000) reached and the optimization hasn't converged yet.
  warnings.warn(
/home-mscluster/erex/anaconda3/lib/python3.9/site-packages/sklearn/neural_network/_multilayer_perceptron.py:692: ConvergenceWarning: Stochastic Optimizer: Maximum iterations (5000) reached and the optimization hasn't converged yet.
  warnings.warn(
/home-mscluster/erex/anaconda3/lib/python3.9/site-packages/sklearn/neural_network/_multilayer_perceptron.py:692: ConvergenceWarning: Stochastic Optimizer: Maximum iterations (5000) reached and the optimization hasn't converged yet.
  warnings.warn(
/home-mscluster/erex/anaconda3/lib/python3.9/site-packages/sklearn/neural_network/_multilayer_perceptron.py:692: ConvergenceWarning: Stochastic Optimizer: Maximum iterations (5000) reached and the optimization hasn't converged yet.
  warnings.warn(
/home-mscluster/erex/anaconda3/lib/python3.9/site-packages/sklearn/neural_network/_multilayer_perceptron.py:692: ConvergenceWarning: Stochastic Optimizer: Maximum iterations (5000) reached and the optimization hasn't converged yet.
  warnings.warn(
/home-mscluster/erex/anaconda3/lib/python3.9/site-packages/sklearn/neural_network/_multilayer_perceptron.py:692: ConvergenceWarning: Stochastic Optimizer: Maximum iterations (5000) reached and the optimization hasn't converged yet.
  warnings.warn(
[CV 2/5] END activation=relu, hidden_layer_sizes=(100,);, score=-5173.720 total time=16.2min
[CV 5/5] END activation=relu, hidden_layer_sizes=(100,);, score=-5069.678 total time=16.4min
[CV 3/5] END activation=relu, hidden_layer_sizes=(50,);, score=-6762.927 total time=16.8min
/home-mscluster/erex/anaconda3/lib/python3.9/site-packages/sklearn/neural_network/_multilayer_perceptron.py:692: ConvergenceWarning: Stochastic Optimizer: Maximum iterations (5000) reached and the optimization hasn't converged yet.
  warnings.warn(
/home-mscluster/erex/anaconda3/lib/python3.9/site-packages/sklearn/neural_network/_multilayer_perceptron.py:692: ConvergenceWarning: Stochastic Optimizer: Maximum iterations (5000) reached and the optimization hasn't converged yet.
  warnings.warn(
/home-mscluster/erex/anaconda3/lib/python3.9/site-packages/sklearn/neural_network/_multilayer_perceptron.py:692: ConvergenceWarning: Stochastic Optimizer: Maximum iterations (5000) reached and the optimization hasn't converged yet.
  warnings.warn(
/home-mscluster/erex/anaconda3/lib/python3.9/site-packages/sklearn/neural_network/_multilayer_perceptron.py:692: ConvergenceWarning: Stochastic Optimizer: Maximum iterations (5000) reached and the optimization hasn't converged yet.
  warnings.warn(
/home-mscluster/erex/anaconda3/lib/python3.9/site-packages/sklearn/neural_network/_multilayer_perceptron.py:692: ConvergenceWarning: Stochastic Optimizer: Maximum iterations (5000) reached and the optimization hasn't converged yet.
  warnings.warn(
/home-mscluster/erex/anaconda3/lib/python3.9/site-packages/sklearn/neural_network/_multilayer_perceptron.py:692: ConvergenceWarning: Stochastic Optimizer: Maximum iterations (5000) reached and the optimization hasn't converged yet.
  warnings.warn(
/home-mscluster/erex/anaconda3/lib/python3.9/site-packages/sklearn/neural_network/_multilayer_perceptron.py:692: ConvergenceWarning: Stochastic Optimizer: Maximum iterations (5000) reached and the optimization hasn't converged yet.
  warnings.warn(
/home-mscluster/erex/anaconda3/lib/python3.9/site-packages/sklearn/neural_network/_multilayer_perceptron.py:692: ConvergenceWarning: Stochastic Optimizer: Maximum iterations (5000) reached and the optimization hasn't converged yet.
  warnings.warn(
/home-mscluster/erex/anaconda3/lib/python3.9/site-packages/sklearn/neural_network/_multilayer_perceptron.py:692: ConvergenceWarning: Stochastic Optimizer: Maximum iterations (5000) reached and the optimization hasn't converged yet.
  warnings.warn(
[CV 3/5] END activation=relu, hidden_layer_sizes=(4,);, score=-6106.010 total time= 9.1min
[CV 4/5] END activation=tanh, hidden_layer_sizes=(4,);, score=-9133.261 total time= 9.8min
[CV 5/5] END activation=relu, hidden_layer_sizes=(4,);, score=-5867.411 total time= 8.9min
[CV 3/5] END activation=tanh, hidden_layer_sizes=(4,);, score=-9092.882 total time=10.5min
/home-mscluster/erex/anaconda3/lib/python3.9/site-packages/sklearn/neural_network/_multilayer_perceptron.py:692: ConvergenceWarning: Stochastic Optimizer: Maximum iterations (5000) reached and the optimization hasn't converged yet.
  warnings.warn(
[CV 5/5] END activation=relu, hidden_layer_sizes=7;, score=-5755.257 total time= 9.2min
[CV 5/5] END activation=tanh, hidden_layer_sizes=(4,);, score=-9072.602 total time=10.9min
[CV 3/5] END activation=relu, hidden_layer_sizes=(100,);, score=-7843.838 total time=20.1min
/home-mscluster/erex/anaconda3/lib/python3.9/site-packages/sklearn/neural_network/_multilayer_perceptron.py:692: ConvergenceWarning: Stochastic Optimizer: Maximum iterations (5000) reached and the optimization hasn't converged yet.
  warnings.warn(
/home-mscluster/erex/anaconda3/lib/python3.9/site-packages/sklearn/neural_network/_multilayer_perceptron.py:692: ConvergenceWarning: Stochastic Optimizer: Maximum iterations (5000) reached and the optimization hasn't converged yet.
  warnings.warn(
/home-mscluster/erex/anaconda3/lib/python3.9/site-packages/sklearn/neural_network/_multilayer_perceptron.py:692: ConvergenceWarning: Stochastic Optimizer: Maximum iterations (5000) reached and the optimization hasn't converged yet.
  warnings.warn(
/home-mscluster/erex/anaconda3/lib/python3.9/site-packages/sklearn/neural_network/_multilayer_perceptron.py:692: ConvergenceWarning: Stochastic Optimizer: Maximum iterations (5000) reached and the optimization hasn't converged yet.
  warnings.warn(
/home-mscluster/erex/anaconda3/lib/python3.9/site-packages/sklearn/neural_network/_multilayer_perceptron.py:692: ConvergenceWarning: Stochastic Optimizer: Maximum iterations (5000) reached and the optimization hasn't converged yet.
  warnings.warn(
[CV 1/5] END activation=relu, hidden_layer_sizes=(4,);, score=-5820.215 total time= 9.3min
[CV 2/5] END activation=tanh, hidden_layer_sizes=7;, score=-8383.049 total time=13.3min
[CV 4/5] END activation=relu, hidden_layer_sizes=7;, score=-5851.480 total time= 9.5min
[CV 5/5] END activation=tanh, hidden_layer_sizes=7;, score=-8390.978 total time=13.2min
[CV 5/5] END activation=relu, hidden_layer_sizes=(13,);, score=-5444.232 total time= 9.7min
[CV 3/5] END activation=tanh, hidden_layer_sizes=(13,);, score=-7252.939 total time=13.3min
[CV 4/5] END activation=relu, hidden_layer_sizes=(4,);, score=-5921.006 total time= 9.2min
[CV 1/5] END activation=tanh, hidden_layer_sizes=7;, score=-8111.898 total time=13.8min
[CV 4/5] END activation=relu, hidden_layer_sizes=(13,);, score=-5454.960 total time=10.1min
[CV 5/5] END activation=tanh, hidden_layer_sizes=(13,);, score=-7227.536 total time=13.0min
[CV 3/5] END activation=relu, hidden_layer_sizes=7;, score=-6977.101 total time= 9.4min
[CV 4/5] END activation=tanh, hidden_layer_sizes=7;, score=-8454.353 total time=13.7min
[CV 1/5] END activation=relu, hidden_layer_sizes=7;, score=-5736.462 total time= 9.6min
[CV 2/5] END activation=tanh, hidden_layer_sizes=(13,);, score=-7257.644 total time=13.6min
[CV 2/5] END activation=relu, hidden_layer_sizes=7;, score=-5926.642 total time= 9.6min
[CV 1/5] END activation=tanh, hidden_layer_sizes=(13,);, score=-7006.272 total time=13.7min
[CV 2/5] END activation=relu, hidden_layer_sizes=(4,);, score=-5991.853 total time= 9.3min
[CV 3/5] END activation=tanh, hidden_layer_sizes=7;, score=-8412.743 total time=14.1min
/home-mscluster/erex/anaconda3/lib/python3.9/site-packages/sklearn/neural_network/_multilayer_perceptron.py:692: ConvergenceWarning: Stochastic Optimizer: Maximum iterations (5000) reached and the optimization hasn't converged yet.
  warnings.warn(
/home-mscluster/erex/anaconda3/lib/python3.9/site-packages/sklearn/neural_network/_multilayer_perceptron.py:692: ConvergenceWarning: Stochastic Optimizer: Maximum iterations (5000) reached and the optimization hasn't converged yet.
  warnings.warn(
/home-mscluster/erex/anaconda3/lib/python3.9/site-packages/sklearn/neural_network/_multilayer_perceptron.py:692: ConvergenceWarning: Stochastic Optimizer: Maximum iterations (5000) reached and the optimization hasn't converged yet.
  warnings.warn(
/home-mscluster/erex/anaconda3/lib/python3.9/site-packages/sklearn/neural_network/_multilayer_perceptron.py:692: ConvergenceWarning: Stochastic Optimizer: Maximum iterations (5000) reached and the optimization hasn't converged yet.
  warnings.warn(
[CV 2/5] END activation=relu, hidden_layer_sizes=(13,);, score=-5526.733 total time=10.0min
[CV 4/5] END activation=tanh, hidden_layer_sizes=(13,);, score=-7298.492 total time=14.5min
[CV 5/5] END activation=relu, hidden_layer_sizes=(25,);, score=-5413.994 total time=10.9min
[CV 3/5] END activation=tanh, hidden_layer_sizes=(25,);, score=-6159.632 total time=15.2min
[CV 3/5] END activation=relu, hidden_layer_sizes=(13,);, score=-6579.351 total time=12.1min
[CV 4/5] END activation=tanh, hidden_layer_sizes=(50,);, score=-6054.665 total time=14.5min
[CV 3/5] END activation=relu, hidden_layer_sizes=(25,);, score=-6650.997 total time=11.0min
[CV 1/5] END activation=tanh, hidden_layer_sizes=(50,);, score=-6051.074 total time=15.8min
[CV 1/5] END activation=relu, hidden_layer_sizes=(50,);, score=-5147.342 total time=12.5min
[CV 5/5] END activation=tanh, hidden_layer_sizes=(50,);, score=-6126.596 total time=14.4min
[CV 2/5] END activation=tanh, hidden_layer_sizes=(4,);, score=-9049.539 total time=11.3min
[CV 3/5] END activation=tanh, hidden_layer_sizes=(50,);, score=-6141.947 total time=15.7min
[CV 1/5] END activation=tanh, hidden_layer_sizes=(4,);, score=-8772.593 total time=11.2min
[CV 2/5] END activation=tanh, hidden_layer_sizes=(50,);, score=-6203.450 total time=15.9min
/home-mscluster/erex/anaconda3/lib/python3.9/site-packages/sklearn/neural_network/_multilayer_perceptron.py:692: ConvergenceWarning: Stochastic Optimizer: Maximum iterations (5000) reached and the optimization hasn't converged yet.
  warnings.warn(
/home-mscluster/erex/anaconda3/lib/python3.9/site-packages/sklearn/neural_network/_multilayer_perceptron.py:692: ConvergenceWarning: Stochastic Optimizer: Maximum iterations (5000) reached and the optimization hasn't converged yet.
  warnings.warn(
[CV 1/5] END activation=relu, hidden_layer_sizes=(13,);, score=-5400.402 total time=10.2min
[CV 1/5] END activation=tanh, hidden_layer_sizes=(25,);, score=-6104.284 total time=18.6min
[CV 4/5] END activation=relu, hidden_layer_sizes=(25,);, score=-5421.556 total time=10.9min
[CV 4/5] END activation=tanh, hidden_layer_sizes=(25,);, score=-6214.858 total time=18.0min
/home-mscluster/erex/anaconda3/lib/python3.9/site-packages/sklearn/neural_network/_multilayer_perceptron.py:692: ConvergenceWarning: Stochastic Optimizer: Maximum iterations (5000) reached and the optimization hasn't converged yet.
  warnings.warn(
[CV 2/5] END activation=relu, hidden_layer_sizes=(25,);, score=-5488.142 total time=10.7min
[CV 2/5] END activation=tanh, hidden_layer_sizes=(25,);, score=-6255.094 total time=18.4min
/home-mscluster/erex/anaconda3/lib/python3.9/site-packages/sklearn/neural_network/_multilayer_perceptron.py:692: ConvergenceWarning: Stochastic Optimizer: Maximum iterations (5000) reached and the optimization hasn't converged yet.
  warnings.warn(
[CV 1/5] END activation=relu, hidden_layer_sizes=(25,);, score=-5345.577 total time=10.9min
[CV 5/5] END activation=tanh, hidden_layer_sizes=(25,);, score=-6168.182 total time=18.5min
/home-mscluster/erex/anaconda3/lib/python3.9/site-packages/sklearn/neural_network/_multilayer_perceptron.py:692: ConvergenceWarning: Stochastic Optimizer: Maximum iterations (5000) reached and the optimization hasn't converged yet.
  warnings.warn(
[CV 4/5] END activation=relu, hidden_layer_sizes=(50,);, score=-5218.247 total time=12.7min
[CV 1/5] END activation=tanh, hidden_layer_sizes=(100,);, score=-5693.921 total time=19.6min
[CV 2/5] END activation=relu, hidden_layer_sizes=(50,);, score=-5269.043 total time=13.0min
[CV 3/5] END activation=tanh, hidden_layer_sizes=(100,);, score=-5741.738 total time=20.3min
[CV 4/5] END activation=relu, hidden_layer_sizes=(100,);, score=-5051.014 total time=15.9min
[CV 5/5] END activation=tanh, hidden_layer_sizes=(100,);, score=-5635.092 total time=18.0min
[CV 5/5] END activation=relu, hidden_layer_sizes=(50,);, score=-5215.040 total time=13.0min
[CV 2/5] END activation=tanh, hidden_layer_sizes=(100,);, score=-5950.432 total time=21.1min
[CV 1/5] END activation=relu, hidden_layer_sizes=(100,);, score=-5039.412 total time=15.9min
[CV 4/5] END activation=tanh, hidden_layer_sizes=(100,);, score=-5664.939 total time=19.9min
/home-mscluster/erex/anaconda3/lib/python3.9/site-packages/sklearn/neural_network/_multilayer_perceptron.py:692: ConvergenceWarning: Stochastic Optimizer: Maximum iterations (5000) reached and the optimization hasn't converged yet.
  warnings.warn(
/home-mscluster/erex/sensors_project/model/main.py:122: RuntimeWarning: divide by zero encountered in true_divide
  perc = np.abs(y_true-y_pred)/y_true
Fitting 5 folds for each of 18 candidates, totalling 90 fits
[CV 3/5] END max_depth=10, max_features=sqrt, n_estimators=25;, score=-4128.714 total time=   2.1s
[CV 4/5] END max_depth=100, max_features=sqrt, n_estimators=25;, score=-3552.523 total time=   3.8s
[CV 1/5] END max_depth=100, max_features=sqrt, n_estimators=500;, score=-3363.495 total time= 1.2min
[CV 2/5] END max_depth=10, max_features=sqrt, n_estimators=25;, score=-3995.298 total time=   2.1s
[CV 5/5] END max_depth=100, max_features=sqrt, n_estimators=25;, score=-3561.934 total time=   3.8s
[CV 2/5] END max_depth=100, max_features=sqrt, n_estimators=500;, score=-3403.232 total time= 1.2min
[CV 5/5] END max_depth=10, max_features=None, n_estimators=25;, score=-3906.144 total time=   7.7s
[CV 4/5] END max_depth=100, max_features=sqrt, n_estimators=500;, score=-3481.346 total time= 1.2min
[CV 1/5] END max_depth=10, max_features=None, n_estimators=25;, score=-3775.668 total time=   7.7s
[CV 3/5] END max_depth=100, max_features=sqrt, n_estimators=500;, score=-3608.493 total time= 1.2min
[CV 2/5] END max_depth=10, max_features=None, n_estimators=25;, score=-3873.978 total time=   7.7s
[CV 5/5] END max_depth=100, max_features=sqrt, n_estimators=500;, score=-3457.859 total time= 1.2min
[CV 3/5] END max_depth=10, max_features=sqrt, n_estimators=100;, score=-4124.497 total time=   8.2s
[CV 3/5] END max_depth=100, max_features=None, n_estimators=25;, score=-3730.856 total time=  13.4s
[CV 1/5] END max_depth=None, max_features=sqrt, n_estimators=25;, score=-3481.374 total time=   3.7s
[CV 3/5] END max_depth=None, max_features=sqrt, n_estimators=25;, score=-3692.770 total time=   3.7s
[CV 5/5] END max_depth=None, max_features=sqrt, n_estimators=25;, score=-3561.934 total time=   3.7s
[CV 2/5] END max_depth=None, max_features=sqrt, n_estimators=500;, score=-3403.232 total time= 1.1min
[CV 3/5] END max_depth=10, max_features=sqrt, n_estimators=500;, score=-4110.556 total time=  40.5s
[CV 3/5] END max_depth=None, max_features=sqrt, n_estimators=500;, score=-3608.493 total time= 1.0min
[CV 4/5] END max_depth=10, max_features=None, n_estimators=100;, score=-3847.228 total time=  30.9s
[CV 1/5] END max_depth=None, max_features=sqrt, n_estimators=500;, score=-3363.495 total time= 1.2min
[CV 1/5] END max_depth=10, max_features=sqrt, n_estimators=500;, score=-3894.755 total time=  40.6s
[CV 4/5] END max_depth=None, max_features=sqrt, n_estimators=500;, score=-3481.346 total time= 1.1min
[CV 2/5] END max_depth=10, max_features=sqrt, n_estimators=500;, score=-3943.610 total time=  40.7s
[CV 5/5] END max_depth=None, max_features=sqrt, n_estimators=500;, score=-3457.859 total time= 1.2min
[CV 1/5] END max_depth=100, max_features=sqrt, n_estimators=25;, score=-3481.374 total time=   3.8s
[CV 4/5] END max_depth=100, max_features=sqrt, n_estimators=100;, score=-3499.767 total time=  15.0s
[CV 1/5] END max_depth=100, max_features=None, n_estimators=500;, score=-3414.946 total time= 3.3min
[CV 3/5] END max_depth=10, max_features=None, n_estimators=25;, score=-3986.233 total time=   7.7s
[CV 2/5] END max_depth=100, max_features=None, n_estimators=25;, score=-3543.750 total time=  13.6s
[CV 4/5] END max_depth=100, max_features=None, n_estimators=500;, score=-3511.436 total time= 3.3min
[CV 4/5] END max_depth=10, max_features=None, n_estimators=25;, score=-3872.657 total time=   7.7s
[CV 1/5] END max_depth=100, max_features=None, n_estimators=25;, score=-3530.577 total time=  13.3s
[CV 3/5] END max_depth=100, max_features=None, n_estimators=500;, score=-3614.560 total time= 3.4min
[CV 2/5] END max_depth=10, max_features=sqrt, n_estimators=100;, score=-3967.144 total time=   8.2s
[CV 4/5] END max_depth=100, max_features=None, n_estimators=25;, score=-3609.411 total time=  13.3s
[CV 5/5] END max_depth=100, max_features=None, n_estimators=500;, score=-3494.768 total time= 3.5min
[CV 4/5] END max_depth=10, max_features=sqrt, n_estimators=25;, score=-4053.421 total time=   2.1s
[CV 3/5] END max_depth=100, max_features=sqrt, n_estimators=25;, score=-3692.770 total time=   3.8s
[CV 5/5] END max_depth=100, max_features=sqrt, n_estimators=100;, score=-3461.850 total time=  15.0s
[CV 2/5] END max_depth=100, max_features=None, n_estimators=500;, score=-3407.883 total time= 3.5min
[CV 1/5] END max_depth=10, max_features=None, n_estimators=100;, score=-3717.926 total time=  30.7s
[CV 2/5] END max_depth=None, max_features=sqrt, n_estimators=100;, score=-3427.981 total time=  15.0s
[CV 5/5] END max_depth=None, max_features=None, n_estimators=25;, score=-3612.308 total time=  13.6s
[CV 2/5] END max_depth=None, max_features=None, n_estimators=500;, score=-3407.883 total time= 3.1min
[CV 1/5] END max_depth=10, max_features=sqrt, n_estimators=100;, score=-3897.904 total time=   8.2s
[CV 1/5] END max_depth=100, max_features=None, n_estimators=100;, score=-3422.779 total time=  53.9s
[CV 3/5] END max_depth=None, max_features=None, n_estimators=500;, score=-3614.560 total time= 3.2min
[CV 5/5] END max_depth=10, max_features=None, n_estimators=100;, score=-3882.118 total time=  30.7s
[CV 3/5] END max_depth=None, max_features=sqrt, n_estimators=100;, score=-3615.041 total time=  14.9s
[CV 4/5] END max_depth=None, max_features=None, n_estimators=25;, score=-3609.411 total time=  13.3s
[CV 1/5] END max_depth=None, max_features=None, n_estimators=500;, score=-3414.946 total time= 3.2min
[CV 5/5] END max_depth=10, max_features=sqrt, n_estimators=25;, score=-4026.393 total time=   2.1s
[CV 1/5] END max_depth=100, max_features=sqrt, n_estimators=100;, score=-3387.292 total time=  15.0s
[CV 4/5] END max_depth=100, max_features=None, n_estimators=100;, score=-3549.881 total time=  53.6s
[CV 5/5] END max_depth=None, max_features=None, n_estimators=500;, score=-3494.768 total time= 3.1min
[CV 4/5] END max_depth=10, max_features=sqrt, n_estimators=100;, score=-4013.134 total time=   8.3s
[CV 2/5] END max_depth=100, max_features=None, n_estimators=100;, score=-3454.541 total time=  55.1s
[CV 4/5] END max_depth=None, max_features=None, n_estimators=500;, score=-3511.436 total time= 3.2min
/home-mscluster/erex/sensors_project/model/main.py:122: RuntimeWarning: divide by zero encountered in true_divide
  perc = np.abs(y_true-y_pred)/y_true
Fitting 5 folds for each of 8 candidates, totalling 40 fits
Traceback (most recent call last):
  File "/home-mscluster/erex/anaconda3/lib/python3.9/runpy.py", line 197, in _run_module_as_main
    return _run_code(code, main_globals, None,
  File "/home-mscluster/erex/anaconda3/lib/python3.9/runpy.py", line 87, in _run_code
    exec(code, run_globals)
  File "/home-mscluster/erex/sensors_project/model/main.py", line 214, in <module>
    main()
  File "/home-mscluster/erex/sensors_project/model/main.py", line 194, in main
    models, evaluations = train_all_models(df,random_state=random_state)
  File "/home-mscluster/erex/sensors_project/model/main.py", line 168, in train_all_models
    gp_regressor = hyper_optimise_gpr(X_train,y_train,random_state=random_state)
  File "/home-mscluster/erex/sensors_project/model/main.py", line 101, in hyper_optimise_gpr
    grid_result = gsc.fit(X_tr, y_tr)
  File "/home-mscluster/erex/anaconda3/lib/python3.9/site-packages/sklearn/model_selection/_search.py", line 891, in fit
    self._run_search(evaluate_candidates)
  File "/home-mscluster/erex/anaconda3/lib/python3.9/site-packages/sklearn/model_selection/_search.py", line 1392, in _run_search
    evaluate_candidates(ParameterGrid(self.param_grid))
  File "/home-mscluster/erex/anaconda3/lib/python3.9/site-packages/sklearn/model_selection/_search.py", line 838, in evaluate_candidates
    out = parallel(
  File "/home-mscluster/erex/anaconda3/lib/python3.9/site-packages/joblib/parallel.py", line 1056, in __call__
    self.retrieve()
  File "/home-mscluster/erex/anaconda3/lib/python3.9/site-packages/joblib/parallel.py", line 935, in retrieve
    self._output.extend(job.get(timeout=self.timeout))
  File "/home-mscluster/erex/anaconda3/lib/python3.9/site-packages/joblib/_parallel_backends.py", line 542, in wrap_future_result
    return future.result(timeout=timeout)
  File "/home-mscluster/erex/anaconda3/lib/python3.9/concurrent/futures/_base.py", line 446, in result
    return self.__get_result()
  File "/home-mscluster/erex/anaconda3/lib/python3.9/concurrent/futures/_base.py", line 391, in __get_result
    raise self._exception
joblib.externals.loky.process_executor.TerminatedWorkerError: A worker process managed by the executor was unexpectedly terminated. This could be caused by a segmentation fault while calling the function or by an excessive memory usage causing the Operating System to kill the worker.

The exit codes of the workers are {SIGKILL(-9)}
