running job: 7
Starting Main
Using random state: 7
Loaded Data
Starting Experiments
Training Unnamed: 0 model ...
Fitting 5 folds for each of 12 candidates, totalling 60 fits
/home-mscluster/erex/anaconda3/lib/python3.9/site-packages/sklearn/neural_network/_multilayer_perceptron.py:692: ConvergenceWarning: Stochastic Optimizer: Maximum iterations (5000) reached and the optimization hasn't converged yet.
  warnings.warn(
/home-mscluster/erex/anaconda3/lib/python3.9/site-packages/sklearn/neural_network/_multilayer_perceptron.py:692: ConvergenceWarning: Stochastic Optimizer: Maximum iterations (5000) reached and the optimization hasn't converged yet.
  warnings.warn(
/home-mscluster/erex/anaconda3/lib/python3.9/site-packages/sklearn/neural_network/_multilayer_perceptron.py:692: ConvergenceWarning: Stochastic Optimizer: Maximum iterations (5000) reached and the optimization hasn't converged yet.
  warnings.warn(
/home-mscluster/erex/anaconda3/lib/python3.9/site-packages/sklearn/neural_network/_multilayer_perceptron.py:692: ConvergenceWarning: Stochastic Optimizer: Maximum iterations (5000) reached and the optimization hasn't converged yet.
  warnings.warn(
/home-mscluster/erex/anaconda3/lib/python3.9/site-packages/sklearn/neural_network/_multilayer_perceptron.py:692: ConvergenceWarning: Stochastic Optimizer: Maximum iterations (5000) reached and the optimization hasn't converged yet.
  warnings.warn(
/home-mscluster/erex/anaconda3/lib/python3.9/site-packages/sklearn/neural_network/_multilayer_perceptron.py:692: ConvergenceWarning: Stochastic Optimizer: Maximum iterations (5000) reached and the optimization hasn't converged yet.
  warnings.warn(
/home-mscluster/erex/anaconda3/lib/python3.9/site-packages/sklearn/neural_network/_multilayer_perceptron.py:692: ConvergenceWarning: Stochastic Optimizer: Maximum iterations (5000) reached and the optimization hasn't converged yet.
  warnings.warn(
/home-mscluster/erex/anaconda3/lib/python3.9/site-packages/sklearn/neural_network/_multilayer_perceptron.py:692: ConvergenceWarning: Stochastic Optimizer: Maximum iterations (5000) reached and the optimization hasn't converged yet.
  warnings.warn(
/home-mscluster/erex/anaconda3/lib/python3.9/site-packages/sklearn/neural_network/_multilayer_perceptron.py:692: ConvergenceWarning: Stochastic Optimizer: Maximum iterations (5000) reached and the optimization hasn't converged yet.
  warnings.warn(
/home-mscluster/erex/anaconda3/lib/python3.9/site-packages/sklearn/neural_network/_multilayer_perceptron.py:692: ConvergenceWarning: Stochastic Optimizer: Maximum iterations (5000) reached and the optimization hasn't converged yet.
  warnings.warn(
/home-mscluster/erex/anaconda3/lib/python3.9/site-packages/sklearn/neural_network/_multilayer_perceptron.py:692: ConvergenceWarning: Stochastic Optimizer: Maximum iterations (5000) reached and the optimization hasn't converged yet.
  warnings.warn(
/home-mscluster/erex/anaconda3/lib/python3.9/site-packages/sklearn/neural_network/_multilayer_perceptron.py:692: ConvergenceWarning: Stochastic Optimizer: Maximum iterations (5000) reached and the optimization hasn't converged yet.
  warnings.warn(
/home-mscluster/erex/anaconda3/lib/python3.9/site-packages/sklearn/neural_network/_multilayer_perceptron.py:692: ConvergenceWarning: Stochastic Optimizer: Maximum iterations (5000) reached and the optimization hasn't converged yet.
  warnings.warn(
/home-mscluster/erex/anaconda3/lib/python3.9/site-packages/sklearn/neural_network/_multilayer_perceptron.py:692: ConvergenceWarning: Stochastic Optimizer: Maximum iterations (5000) reached and the optimization hasn't converged yet.
  warnings.warn(
/home-mscluster/erex/anaconda3/lib/python3.9/site-packages/sklearn/neural_network/_multilayer_perceptron.py:692: ConvergenceWarning: Stochastic Optimizer: Maximum iterations (5000) reached and the optimization hasn't converged yet.
  warnings.warn(
/home-mscluster/erex/anaconda3/lib/python3.9/site-packages/sklearn/neural_network/_multilayer_perceptron.py:692: ConvergenceWarning: Stochastic Optimizer: Maximum iterations (5000) reached and the optimization hasn't converged yet.
  warnings.warn(
/home-mscluster/erex/anaconda3/lib/python3.9/site-packages/sklearn/neural_network/_multilayer_perceptron.py:692: ConvergenceWarning: Stochastic Optimizer: Maximum iterations (5000) reached and the optimization hasn't converged yet.
  warnings.warn(
/home-mscluster/erex/anaconda3/lib/python3.9/site-packages/sklearn/neural_network/_multilayer_perceptron.py:692: ConvergenceWarning: Stochastic Optimizer: Maximum iterations (5000) reached and the optimization hasn't converged yet.
  warnings.warn(
/home-mscluster/erex/anaconda3/lib/python3.9/site-packages/sklearn/neural_network/_multilayer_perceptron.py:692: ConvergenceWarning: Stochastic Optimizer: Maximum iterations (5000) reached and the optimization hasn't converged yet.
  warnings.warn(
/home-mscluster/erex/anaconda3/lib/python3.9/site-packages/sklearn/neural_network/_multilayer_perceptron.py:692: ConvergenceWarning: Stochastic Optimizer: Maximum iterations (5000) reached and the optimization hasn't converged yet.
  warnings.warn(
/home-mscluster/erex/anaconda3/lib/python3.9/site-packages/sklearn/neural_network/_multilayer_perceptron.py:692: ConvergenceWarning: Stochastic Optimizer: Maximum iterations (5000) reached and the optimization hasn't converged yet.
  warnings.warn(
/home-mscluster/erex/anaconda3/lib/python3.9/site-packages/sklearn/neural_network/_multilayer_perceptron.py:692: ConvergenceWarning: Stochastic Optimizer: Maximum iterations (5000) reached and the optimization hasn't converged yet.
  warnings.warn(
/home-mscluster/erex/anaconda3/lib/python3.9/site-packages/sklearn/neural_network/_multilayer_perceptron.py:692: ConvergenceWarning: Stochastic Optimizer: Maximum iterations (5000) reached and the optimization hasn't converged yet.
  warnings.warn(
/home-mscluster/erex/anaconda3/lib/python3.9/site-packages/sklearn/neural_network/_multilayer_perceptron.py:692: ConvergenceWarning: Stochastic Optimizer: Maximum iterations (5000) reached and the optimization hasn't converged yet.
  warnings.warn(
/home-mscluster/erex/anaconda3/lib/python3.9/site-packages/sklearn/neural_network/_multilayer_perceptron.py:692: ConvergenceWarning: Stochastic Optimizer: Maximum iterations (5000) reached and the optimization hasn't converged yet.
  warnings.warn(
/home-mscluster/erex/anaconda3/lib/python3.9/site-packages/sklearn/neural_network/_multilayer_perceptron.py:692: ConvergenceWarning: Stochastic Optimizer: Maximum iterations (5000) reached and the optimization hasn't converged yet.
  warnings.warn(
/home-mscluster/erex/anaconda3/lib/python3.9/site-packages/sklearn/neural_network/_multilayer_perceptron.py:692: ConvergenceWarning: Stochastic Optimizer: Maximum iterations (5000) reached and the optimization hasn't converged yet.
  warnings.warn(
/home-mscluster/erex/anaconda3/lib/python3.9/site-packages/sklearn/neural_network/_multilayer_perceptron.py:692: ConvergenceWarning: Stochastic Optimizer: Maximum iterations (5000) reached and the optimization hasn't converged yet.
  warnings.warn(
/home-mscluster/erex/anaconda3/lib/python3.9/site-packages/sklearn/neural_network/_multilayer_perceptron.py:692: ConvergenceWarning: Stochastic Optimizer: Maximum iterations (5000) reached and the optimization hasn't converged yet.
  warnings.warn(
/home-mscluster/erex/anaconda3/lib/python3.9/site-packages/sklearn/neural_network/_multilayer_perceptron.py:692: ConvergenceWarning: Stochastic Optimizer: Maximum iterations (5000) reached and the optimization hasn't converged yet.
  warnings.warn(
/home-mscluster/erex/anaconda3/lib/python3.9/site-packages/sklearn/neural_network/_multilayer_perceptron.py:692: ConvergenceWarning: Stochastic Optimizer: Maximum iterations (5000) reached and the optimization hasn't converged yet.
  warnings.warn(
/home-mscluster/erex/anaconda3/lib/python3.9/site-packages/sklearn/neural_network/_multilayer_perceptron.py:692: ConvergenceWarning: Stochastic Optimizer: Maximum iterations (5000) reached and the optimization hasn't converged yet.
  warnings.warn(
/home-mscluster/erex/anaconda3/lib/python3.9/site-packages/sklearn/neural_network/_multilayer_perceptron.py:692: ConvergenceWarning: Stochastic Optimizer: Maximum iterations (5000) reached and the optimization hasn't converged yet.
  warnings.warn(
/home-mscluster/erex/anaconda3/lib/python3.9/site-packages/sklearn/neural_network/_multilayer_perceptron.py:692: ConvergenceWarning: Stochastic Optimizer: Maximum iterations (5000) reached and the optimization hasn't converged yet.
  warnings.warn(
/home-mscluster/erex/anaconda3/lib/python3.9/site-packages/sklearn/neural_network/_multilayer_perceptron.py:692: ConvergenceWarning: Stochastic Optimizer: Maximum iterations (5000) reached and the optimization hasn't converged yet.
  warnings.warn(
[CV 2/5] END activation=relu, hidden_layer_sizes=(100,);, score=-6479.263 total time=16.3min
[CV 5/5] END activation=relu, hidden_layer_sizes=(100,);, score=-5027.524 total time=16.4min
[CV 1/5] END activation=relu, hidden_layer_sizes=(100,);, score=-5426.967 total time=16.6min
[CV 4/5] END activation=relu, hidden_layer_sizes=(100,);, score=-5125.963 total time=16.7min
/home-mscluster/erex/anaconda3/lib/python3.9/site-packages/sklearn/neural_network/_multilayer_perceptron.py:692: ConvergenceWarning: Stochastic Optimizer: Maximum iterations (5000) reached and the optimization hasn't converged yet.
  warnings.warn(
/home-mscluster/erex/anaconda3/lib/python3.9/site-packages/sklearn/neural_network/_multilayer_perceptron.py:692: ConvergenceWarning: Stochastic Optimizer: Maximum iterations (5000) reached and the optimization hasn't converged yet.
  warnings.warn(
/home-mscluster/erex/anaconda3/lib/python3.9/site-packages/sklearn/neural_network/_multilayer_perceptron.py:692: ConvergenceWarning: Stochastic Optimizer: Maximum iterations (5000) reached and the optimization hasn't converged yet.
  warnings.warn(
/home-mscluster/erex/anaconda3/lib/python3.9/site-packages/sklearn/neural_network/_multilayer_perceptron.py:692: ConvergenceWarning: Stochastic Optimizer: Maximum iterations (5000) reached and the optimization hasn't converged yet.
  warnings.warn(
/home-mscluster/erex/anaconda3/lib/python3.9/site-packages/sklearn/neural_network/_multilayer_perceptron.py:692: ConvergenceWarning: Stochastic Optimizer: Maximum iterations (5000) reached and the optimization hasn't converged yet.
  warnings.warn(
/home-mscluster/erex/anaconda3/lib/python3.9/site-packages/sklearn/neural_network/_multilayer_perceptron.py:692: ConvergenceWarning: Stochastic Optimizer: Maximum iterations (5000) reached and the optimization hasn't converged yet.
  warnings.warn(
/home-mscluster/erex/anaconda3/lib/python3.9/site-packages/sklearn/neural_network/_multilayer_perceptron.py:692: ConvergenceWarning: Stochastic Optimizer: Maximum iterations (5000) reached and the optimization hasn't converged yet.
  warnings.warn(
/home-mscluster/erex/anaconda3/lib/python3.9/site-packages/sklearn/neural_network/_multilayer_perceptron.py:692: ConvergenceWarning: Stochastic Optimizer: Maximum iterations (5000) reached and the optimization hasn't converged yet.
  warnings.warn(
/home-mscluster/erex/anaconda3/lib/python3.9/site-packages/sklearn/neural_network/_multilayer_perceptron.py:692: ConvergenceWarning: Stochastic Optimizer: Maximum iterations (5000) reached and the optimization hasn't converged yet.
  warnings.warn(
/home-mscluster/erex/anaconda3/lib/python3.9/site-packages/sklearn/neural_network/_multilayer_perceptron.py:692: ConvergenceWarning: Stochastic Optimizer: Maximum iterations (5000) reached and the optimization hasn't converged yet.
  warnings.warn(
[CV 5/5] END activation=relu, hidden_layer_sizes=(4,);, score=-5541.482 total time= 9.2min
[CV 4/5] END activation=tanh, hidden_layer_sizes=(4,);, score=-9094.324 total time=10.7min
[CV 2/5] END activation=relu, hidden_layer_sizes=(4,);, score=-5779.714 total time= 9.1min
[CV 3/5] END activation=tanh, hidden_layer_sizes=(4,);, score=-8924.505 total time=10.9min
[CV 1/5] END activation=relu, hidden_layer_sizes=(4,);, score=-5552.101 total time= 9.2min
[CV 5/5] END activation=tanh, hidden_layer_sizes=(4,);, score=-8816.341 total time=11.0min
/home-mscluster/erex/anaconda3/lib/python3.9/site-packages/sklearn/neural_network/_multilayer_perceptron.py:692: ConvergenceWarning: Stochastic Optimizer: Maximum iterations (5000) reached and the optimization hasn't converged yet.
  warnings.warn(
/home-mscluster/erex/anaconda3/lib/python3.9/site-packages/sklearn/neural_network/_multilayer_perceptron.py:692: ConvergenceWarning: Stochastic Optimizer: Maximum iterations (5000) reached and the optimization hasn't converged yet.
  warnings.warn(
/home-mscluster/erex/anaconda3/lib/python3.9/site-packages/sklearn/neural_network/_multilayer_perceptron.py:692: ConvergenceWarning: Stochastic Optimizer: Maximum iterations (5000) reached and the optimization hasn't converged yet.
  warnings.warn(
[CV 3/5] END activation=relu, hidden_layer_sizes=(4,);, score=-5615.892 total time= 9.3min
[CV 2/5] END activation=tanh, hidden_layer_sizes=7;, score=-8313.721 total time=12.6min
/home-mscluster/erex/anaconda3/lib/python3.9/site-packages/sklearn/neural_network/_multilayer_perceptron.py:692: ConvergenceWarning: Stochastic Optimizer: Maximum iterations (5000) reached and the optimization hasn't converged yet.
  warnings.warn(
[CV 5/5] END activation=relu, hidden_layer_sizes=7;, score=-5570.153 total time= 9.2min
[CV 1/5] END activation=tanh, hidden_layer_sizes=7;, score=-8271.971 total time=12.9min
/home-mscluster/erex/anaconda3/lib/python3.9/site-packages/sklearn/neural_network/_multilayer_perceptron.py:692: ConvergenceWarning: Stochastic Optimizer: Maximum iterations (5000) reached and the optimization hasn't converged yet.
  warnings.warn(
[CV 1/5] END activation=relu, hidden_layer_sizes=7;, score=-5526.891 total time= 9.5min
[CV 4/5] END activation=tanh, hidden_layer_sizes=7;, score=-8417.400 total time=13.2min
[CV 2/5] END activation=relu, hidden_layer_sizes=(13,);, score=-6360.337 total time=10.4min
[CV 5/5] END activation=tanh, hidden_layer_sizes=(13,);, score=-7049.776 total time=12.6min
[CV 5/5] END activation=relu, hidden_layer_sizes=(13,);, score=-5431.706 total time=10.2min
[CV 4/5] END activation=tanh, hidden_layer_sizes=(13,);, score=-7269.132 total time=12.9min
/home-mscluster/erex/anaconda3/lib/python3.9/site-packages/sklearn/neural_network/_multilayer_perceptron.py:692: ConvergenceWarning: Stochastic Optimizer: Maximum iterations (5000) reached and the optimization hasn't converged yet.
  warnings.warn(
/home-mscluster/erex/anaconda3/lib/python3.9/site-packages/sklearn/neural_network/_multilayer_perceptron.py:692: ConvergenceWarning: Stochastic Optimizer: Maximum iterations (5000) reached and the optimization hasn't converged yet.
  warnings.warn(
[CV 4/5] END activation=relu, hidden_layer_sizes=(4,);, score=-5561.524 total time= 9.4min
[CV 3/5] END activation=tanh, hidden_layer_sizes=7;, score=-8257.525 total time=13.8min
/home-mscluster/erex/anaconda3/lib/python3.9/site-packages/sklearn/neural_network/_multilayer_perceptron.py:692: ConvergenceWarning: Stochastic Optimizer: Maximum iterations (5000) reached and the optimization hasn't converged yet.
  warnings.warn(
/home-mscluster/erex/anaconda3/lib/python3.9/site-packages/sklearn/neural_network/_multilayer_perceptron.py:692: ConvergenceWarning: Stochastic Optimizer: Maximum iterations (5000) reached and the optimization hasn't converged yet.
  warnings.warn(
[CV 3/5] END activation=relu, hidden_layer_sizes=7;, score=-5609.104 total time= 9.6min
[CV 5/5] END activation=tanh, hidden_layer_sizes=7;, score=-8155.930 total time=13.9min
[CV 4/5] END activation=relu, hidden_layer_sizes=(13,);, score=-5416.655 total time= 9.7min
[CV 3/5] END activation=tanh, hidden_layer_sizes=(13,);, score=-7129.657 total time=14.1min
/home-mscluster/erex/anaconda3/lib/python3.9/site-packages/sklearn/neural_network/_multilayer_perceptron.py:692: ConvergenceWarning: Stochastic Optimizer: Maximum iterations (5000) reached and the optimization hasn't converged yet.
  warnings.warn(
[CV 2/5] END activation=relu, hidden_layer_sizes=7;, score=-7463.914 total time= 9.7min
[CV 2/5] END activation=tanh, hidden_layer_sizes=(13,);, score=-7180.296 total time=14.5min
[CV 4/5] END activation=relu, hidden_layer_sizes=7;, score=-5563.549 total time= 9.6min
[CV 1/5] END activation=tanh, hidden_layer_sizes=(13,);, score=-7128.066 total time=14.7min
[CV 5/5] END activation=relu, hidden_layer_sizes=(25,);, score=-5339.851 total time=11.2min
[CV 2/5] END activation=tanh, hidden_layer_sizes=(50,);, score=-6130.606 total time=14.6min
[CV 1/5] END activation=tanh, hidden_layer_sizes=(4,);, score=-8947.573 total time=11.0min
[CV 2/5] END activation=tanh, hidden_layer_sizes=(25,);, score=-6156.395 total time=15.1min
[CV 5/5] END activation=relu, hidden_layer_sizes=(50,);, score=-5258.496 total time=12.7min
[CV 5/5] END activation=tanh, hidden_layer_sizes=(50,);, score=-6087.394 total time=14.0min
[CV 3/5] END activation=relu, hidden_layer_sizes=(25,);, score=-5428.983 total time=11.1min
[CV 1/5] END activation=tanh, hidden_layer_sizes=(50,);, score=-6026.803 total time=15.9min
[CV 1/5] END activation=relu, hidden_layer_sizes=(25,);, score=-5371.828 total time=11.1min
[CV 5/5] END activation=tanh, hidden_layer_sizes=(25,);, score=-6108.135 total time=16.6min
/home-mscluster/erex/anaconda3/lib/python3.9/site-packages/sklearn/neural_network/_multilayer_perceptron.py:692: ConvergenceWarning: Stochastic Optimizer: Maximum iterations (5000) reached and the optimization hasn't converged yet.
  warnings.warn(
/home-mscluster/erex/anaconda3/lib/python3.9/site-packages/sklearn/neural_network/_multilayer_perceptron.py:692: ConvergenceWarning: Stochastic Optimizer: Maximum iterations (5000) reached and the optimization hasn't converged yet.
  warnings.warn(
[CV 2/5] END activation=relu, hidden_layer_sizes=(25,);, score=-5993.106 total time=11.0min
[CV 3/5] END activation=tanh, hidden_layer_sizes=(25,);, score=-6109.261 total time=17.1min
[CV 1/5] END activation=relu, hidden_layer_sizes=(13,);, score=-5397.863 total time=12.3min
[CV 3/5] END activation=tanh, hidden_layer_sizes=(50,);, score=-6073.963 total time=15.9min
[CV 3/5] END activation=relu, hidden_layer_sizes=(13,);, score=-5532.583 total time=12.4min
[CV 4/5] END activation=tanh, hidden_layer_sizes=(50,);, score=-5960.520 total time=15.9min
[CV 2/5] END activation=tanh, hidden_layer_sizes=(4,);, score=-8984.097 total time=11.1min
[CV 4/5] END activation=tanh, hidden_layer_sizes=(25,);, score=-6152.752 total time=17.3min
/home-mscluster/erex/anaconda3/lib/python3.9/site-packages/sklearn/neural_network/_multilayer_perceptron.py:692: ConvergenceWarning: Stochastic Optimizer: Maximum iterations (5000) reached and the optimization hasn't converged yet.
  warnings.warn(
/home-mscluster/erex/anaconda3/lib/python3.9/site-packages/sklearn/neural_network/_multilayer_perceptron.py:692: ConvergenceWarning: Stochastic Optimizer: Maximum iterations (5000) reached and the optimization hasn't converged yet.
  warnings.warn(
[CV 4/5] END activation=relu, hidden_layer_sizes=(25,);, score=-5385.566 total time=11.0min
[CV 1/5] END activation=tanh, hidden_layer_sizes=(25,);, score=-6080.029 total time=18.1min
/home-mscluster/erex/anaconda3/lib/python3.9/site-packages/sklearn/neural_network/_multilayer_perceptron.py:692: ConvergenceWarning: Stochastic Optimizer: Maximum iterations (5000) reached and the optimization hasn't converged yet.
  warnings.warn(
[CV 4/5] END activation=relu, hidden_layer_sizes=(50,);, score=-5267.998 total time=12.9min
[CV 1/5] END activation=tanh, hidden_layer_sizes=(100,);, score=-5994.531 total time=20.0min
[CV 2/5] END activation=relu, hidden_layer_sizes=(50,);, score=-8645.618 total time=13.0min
[CV 2/5] END activation=tanh, hidden_layer_sizes=(100,);, score=-6080.735 total time=20.0min
[CV 1/5] END activation=relu, hidden_layer_sizes=(50,);, score=-5280.342 total time=13.1min
[CV 3/5] END activation=tanh, hidden_layer_sizes=(100,);, score=-5773.283 total time=20.7min
[CV 3/5] END activation=relu, hidden_layer_sizes=(50,);, score=-5332.544 total time=13.1min
[CV 4/5] END activation=tanh, hidden_layer_sizes=(100,);, score=-5904.643 total time=20.9min
[CV 3/5] END activation=relu, hidden_layer_sizes=(100,);, score=-5170.061 total time=16.3min
[CV 5/5] END activation=tanh, hidden_layer_sizes=(100,);, score=-5582.538 total time=18.6min
/home-mscluster/erex/anaconda3/lib/python3.9/site-packages/sklearn/neural_network/_multilayer_perceptron.py:692: ConvergenceWarning: Stochastic Optimizer: Maximum iterations (5000) reached and the optimization hasn't converged yet.
  warnings.warn(
Fitting 5 folds for each of 18 candidates, totalling 90 fits
[CV 3/5] END max_depth=10, max_features=sqrt, n_estimators=25;, score=-4001.586 total time=   2.1s
[CV 4/5] END max_depth=100, max_features=sqrt, n_estimators=25;, score=-3530.064 total time=   3.7s
[CV 1/5] END max_depth=100, max_features=sqrt, n_estimators=500;, score=-3408.375 total time= 1.2min
[CV 5/5] END max_depth=10, max_features=sqrt, n_estimators=25;, score=-3972.929 total time=   2.1s
[CV 5/5] END max_depth=100, max_features=sqrt, n_estimators=25;, score=-3464.119 total time=   3.8s
[CV 2/5] END max_depth=100, max_features=sqrt, n_estimators=500;, score=-3385.796 total time= 1.2min
[CV 2/5] END max_depth=10, max_features=None, n_estimators=25;, score=-3806.300 total time=   7.7s
[CV 5/5] END max_depth=100, max_features=sqrt, n_estimators=500;, score=-3394.036 total time= 1.2min
[CV 1/5] END max_depth=10, max_features=None, n_estimators=25;, score=-3794.461 total time=   7.7s
[CV 3/5] END max_depth=100, max_features=sqrt, n_estimators=500;, score=-3472.331 total time= 1.2min
[CV 5/5] END max_depth=10, max_features=None, n_estimators=25;, score=-3792.448 total time=   7.7s
[CV 4/5] END max_depth=100, max_features=sqrt, n_estimators=500;, score=-3456.863 total time= 1.2min
[CV 3/5] END max_depth=10, max_features=sqrt, n_estimators=100;, score=-3974.772 total time=   8.1s
[CV 3/5] END max_depth=100, max_features=None, n_estimators=25;, score=-3573.855 total time=  13.5s
[CV 1/5] END max_depth=None, max_features=sqrt, n_estimators=25;, score=-3516.973 total time=   3.7s
[CV 3/5] END max_depth=None, max_features=sqrt, n_estimators=25;, score=-3544.922 total time=   3.7s
[CV 5/5] END max_depth=None, max_features=sqrt, n_estimators=25;, score=-3464.119 total time=   3.7s
[CV 2/5] END max_depth=None, max_features=sqrt, n_estimators=500;, score=-3385.796 total time= 1.1min
[CV 2/5] END max_depth=10, max_features=sqrt, n_estimators=500;, score=-3915.061 total time=  40.5s
[CV 4/5] END max_depth=None, max_features=sqrt, n_estimators=500;, score=-3456.863 total time= 1.0min
[CV 4/5] END max_depth=10, max_features=None, n_estimators=100;, score=-3880.602 total time=  30.9s
[CV 1/5] END max_depth=None, max_features=sqrt, n_estimators=500;, score=-3408.375 total time= 1.2min
[CV 3/5] END max_depth=10, max_features=sqrt, n_estimators=500;, score=-3974.273 total time=  40.5s
[CV 3/5] END max_depth=None, max_features=sqrt, n_estimators=500;, score=-3472.331 total time= 1.2min
[CV 5/5] END max_depth=10, max_features=sqrt, n_estimators=500;, score=-3932.670 total time=  40.6s
[CV 5/5] END max_depth=None, max_features=sqrt, n_estimators=500;, score=-3394.036 total time= 1.2min
[CV 4/5] END max_depth=10, max_features=sqrt, n_estimators=100;, score=-4012.398 total time=   8.2s
[CV 5/5] END max_depth=100, max_features=None, n_estimators=25;, score=-3534.267 total time=  13.3s
[CV 5/5] END max_depth=100, max_features=None, n_estimators=500;, score=-3415.801 total time= 3.3min
[CV 4/5] END max_depth=10, max_features=sqrt, n_estimators=25;, score=-4033.114 total time=   2.1s
[CV 3/5] END max_depth=100, max_features=sqrt, n_estimators=25;, score=-3544.922 total time=   3.7s
[CV 5/5] END max_depth=100, max_features=sqrt, n_estimators=100;, score=-3416.867 total time=  14.9s
[CV 2/5] END max_depth=100, max_features=None, n_estimators=500;, score=-3438.713 total time= 3.3min
[CV 3/5] END max_depth=10, max_features=None, n_estimators=25;, score=-3884.419 total time=   7.7s
[CV 2/5] END max_depth=100, max_features=None, n_estimators=25;, score=-3530.749 total time=  13.4s
[CV 4/5] END max_depth=100, max_features=None, n_estimators=500;, score=-3494.305 total time= 3.3min
[CV 4/5] END max_depth=10, max_features=None, n_estimators=25;, score=-3889.766 total time=   7.7s
[CV 1/5] END max_depth=100, max_features=None, n_estimators=25;, score=-3542.611 total time=  13.3s
[CV 3/5] END max_depth=100, max_features=None, n_estimators=500;, score=-3495.538 total time= 3.4min
[CV 1/5] END max_depth=100, max_features=sqrt, n_estimators=25;, score=-3516.973 total time=   3.7s
[CV 3/5] END max_depth=100, max_features=sqrt, n_estimators=100;, score=-3493.534 total time=  15.0s
[CV 1/5] END max_depth=100, max_features=None, n_estimators=500;, score=-3410.411 total time= 3.5min
[CV 3/5] END max_depth=10, max_features=None, n_estimators=100;, score=-3852.676 total time=  30.5s
[CV 2/5] END max_depth=None, max_features=sqrt, n_estimators=100;, score=-3404.690 total time=  14.8s
[CV 4/5] END max_depth=None, max_features=None, n_estimators=25;, score=-3569.734 total time=  13.5s
[CV 2/5] END max_depth=None, max_features=None, n_estimators=500;, score=-3438.713 total time= 3.1min
[CV 5/5] END max_depth=10, max_features=None, n_estimators=100;, score=-3764.561 total time=  30.7s
[CV 4/5] END max_depth=None, max_features=sqrt, n_estimators=100;, score=-3481.363 total time=  14.9s
[CV 5/5] END max_depth=None, max_features=None, n_estimators=25;, score=-3534.267 total time=  13.3s
[CV 1/5] END max_depth=None, max_features=None, n_estimators=500;, score=-3410.411 total time= 3.2min
[CV 2/5] END max_depth=10, max_features=sqrt, n_estimators=100;, score=-3914.997 total time=   8.2s
[CV 1/5] END max_depth=100, max_features=None, n_estimators=100;, score=-3441.591 total time=  53.4s
[CV 3/5] END max_depth=None, max_features=None, n_estimators=500;, score=-3495.538 total time= 3.2min
[CV 1/5] END max_depth=10, max_features=sqrt, n_estimators=25;, score=-3993.558 total time=   2.1s
[CV 2/5] END max_depth=100, max_features=sqrt, n_estimators=100;, score=-3404.690 total time=  14.9s
[CV 3/5] END max_depth=100, max_features=None, n_estimators=100;, score=-3507.102 total time=  53.7s
[CV 5/5] END max_depth=None, max_features=None, n_estimators=500;, score=-3415.801 total time= 3.1min
[CV 1/5] END max_depth=10, max_features=sqrt, n_estimators=100;, score=-3933.414 total time=   8.3s
[CV 2/5] END max_depth=100, max_features=None, n_estimators=100;, score=-3482.827 total time=  53.7s
[CV 4/5] END max_depth=None, max_features=None, n_estimators=500;, score=-3494.305 total time= 3.3min
Fitting 5 folds for each of 8 candidates, totalling 40 fits
Traceback (most recent call last):
  File "/home-mscluster/erex/anaconda3/lib/python3.9/runpy.py", line 197, in _run_module_as_main
    return _run_code(code, main_globals, None,
  File "/home-mscluster/erex/anaconda3/lib/python3.9/runpy.py", line 87, in _run_code
    exec(code, run_globals)
  File "/home-mscluster/erex/sensors_project/model/main.py", line 214, in <module>
    main()
  File "/home-mscluster/erex/sensors_project/model/main.py", line 194, in main
    models, evaluations = train_all_models(df,random_state=random_state)
  File "/home-mscluster/erex/sensors_project/model/main.py", line 168, in train_all_models
    gp_regressor = hyper_optimise_gpr(X_train,y_train,random_state=random_state)
  File "/home-mscluster/erex/sensors_project/model/main.py", line 101, in hyper_optimise_gpr
    grid_result = gsc.fit(X_tr, y_tr)
  File "/home-mscluster/erex/anaconda3/lib/python3.9/site-packages/sklearn/model_selection/_search.py", line 891, in fit
    self._run_search(evaluate_candidates)
  File "/home-mscluster/erex/anaconda3/lib/python3.9/site-packages/sklearn/model_selection/_search.py", line 1392, in _run_search
    evaluate_candidates(ParameterGrid(self.param_grid))
  File "/home-mscluster/erex/anaconda3/lib/python3.9/site-packages/sklearn/model_selection/_search.py", line 838, in evaluate_candidates
    out = parallel(
  File "/home-mscluster/erex/anaconda3/lib/python3.9/site-packages/joblib/parallel.py", line 1056, in __call__
    self.retrieve()
  File "/home-mscluster/erex/anaconda3/lib/python3.9/site-packages/joblib/parallel.py", line 935, in retrieve
    self._output.extend(job.get(timeout=self.timeout))
  File "/home-mscluster/erex/anaconda3/lib/python3.9/site-packages/joblib/_parallel_backends.py", line 542, in wrap_future_result
    return future.result(timeout=timeout)
  File "/home-mscluster/erex/anaconda3/lib/python3.9/concurrent/futures/_base.py", line 446, in result
    return self.__get_result()
  File "/home-mscluster/erex/anaconda3/lib/python3.9/concurrent/futures/_base.py", line 391, in __get_result
    raise self._exception
joblib.externals.loky.process_executor.TerminatedWorkerError: A worker process managed by the executor was unexpectedly terminated. This could be caused by a segmentation fault while calling the function or by an excessive memory usage causing the Operating System to kill the worker.

The exit codes of the workers are {SIGKILL(-9)}
