running job: 5
Starting Main
Using random state: 5
Loaded Data
Starting Experiments
Training Unnamed: 0 model ...
Fitting 5 folds for each of 12 candidates, totalling 60 fits
/home-mscluster/erex/anaconda3/lib/python3.9/site-packages/sklearn/neural_network/_multilayer_perceptron.py:692: ConvergenceWarning: Stochastic Optimizer: Maximum iterations (5000) reached and the optimization hasn't converged yet.
  warnings.warn(
/home-mscluster/erex/anaconda3/lib/python3.9/site-packages/sklearn/neural_network/_multilayer_perceptron.py:692: ConvergenceWarning: Stochastic Optimizer: Maximum iterations (5000) reached and the optimization hasn't converged yet.
  warnings.warn(
/home-mscluster/erex/anaconda3/lib/python3.9/site-packages/sklearn/neural_network/_multilayer_perceptron.py:692: ConvergenceWarning: Stochastic Optimizer: Maximum iterations (5000) reached and the optimization hasn't converged yet.
  warnings.warn(
/home-mscluster/erex/anaconda3/lib/python3.9/site-packages/sklearn/neural_network/_multilayer_perceptron.py:692: ConvergenceWarning: Stochastic Optimizer: Maximum iterations (5000) reached and the optimization hasn't converged yet.
  warnings.warn(
/home-mscluster/erex/anaconda3/lib/python3.9/site-packages/sklearn/neural_network/_multilayer_perceptron.py:692: ConvergenceWarning: Stochastic Optimizer: Maximum iterations (5000) reached and the optimization hasn't converged yet.
  warnings.warn(
/home-mscluster/erex/anaconda3/lib/python3.9/site-packages/sklearn/neural_network/_multilayer_perceptron.py:692: ConvergenceWarning: Stochastic Optimizer: Maximum iterations (5000) reached and the optimization hasn't converged yet.
  warnings.warn(
/home-mscluster/erex/anaconda3/lib/python3.9/site-packages/sklearn/neural_network/_multilayer_perceptron.py:692: ConvergenceWarning: Stochastic Optimizer: Maximum iterations (5000) reached and the optimization hasn't converged yet.
  warnings.warn(
/home-mscluster/erex/anaconda3/lib/python3.9/site-packages/sklearn/neural_network/_multilayer_perceptron.py:692: ConvergenceWarning: Stochastic Optimizer: Maximum iterations (5000) reached and the optimization hasn't converged yet.
  warnings.warn(
/home-mscluster/erex/anaconda3/lib/python3.9/site-packages/sklearn/neural_network/_multilayer_perceptron.py:692: ConvergenceWarning: Stochastic Optimizer: Maximum iterations (5000) reached and the optimization hasn't converged yet.
  warnings.warn(
/home-mscluster/erex/anaconda3/lib/python3.9/site-packages/sklearn/neural_network/_multilayer_perceptron.py:692: ConvergenceWarning: Stochastic Optimizer: Maximum iterations (5000) reached and the optimization hasn't converged yet.
  warnings.warn(
/home-mscluster/erex/anaconda3/lib/python3.9/site-packages/sklearn/neural_network/_multilayer_perceptron.py:692: ConvergenceWarning: Stochastic Optimizer: Maximum iterations (5000) reached and the optimization hasn't converged yet.
  warnings.warn(
/home-mscluster/erex/anaconda3/lib/python3.9/site-packages/sklearn/neural_network/_multilayer_perceptron.py:692: ConvergenceWarning: Stochastic Optimizer: Maximum iterations (5000) reached and the optimization hasn't converged yet.
  warnings.warn(
/home-mscluster/erex/anaconda3/lib/python3.9/site-packages/sklearn/neural_network/_multilayer_perceptron.py:692: ConvergenceWarning: Stochastic Optimizer: Maximum iterations (5000) reached and the optimization hasn't converged yet.
  warnings.warn(
/home-mscluster/erex/anaconda3/lib/python3.9/site-packages/sklearn/neural_network/_multilayer_perceptron.py:692: ConvergenceWarning: Stochastic Optimizer: Maximum iterations (5000) reached and the optimization hasn't converged yet.
  warnings.warn(
/home-mscluster/erex/anaconda3/lib/python3.9/site-packages/sklearn/neural_network/_multilayer_perceptron.py:692: ConvergenceWarning: Stochastic Optimizer: Maximum iterations (5000) reached and the optimization hasn't converged yet.
  warnings.warn(
/home-mscluster/erex/anaconda3/lib/python3.9/site-packages/sklearn/neural_network/_multilayer_perceptron.py:692: ConvergenceWarning: Stochastic Optimizer: Maximum iterations (5000) reached and the optimization hasn't converged yet.
  warnings.warn(
/home-mscluster/erex/anaconda3/lib/python3.9/site-packages/sklearn/neural_network/_multilayer_perceptron.py:692: ConvergenceWarning: Stochastic Optimizer: Maximum iterations (5000) reached and the optimization hasn't converged yet.
  warnings.warn(
/home-mscluster/erex/anaconda3/lib/python3.9/site-packages/sklearn/neural_network/_multilayer_perceptron.py:692: ConvergenceWarning: Stochastic Optimizer: Maximum iterations (5000) reached and the optimization hasn't converged yet.
  warnings.warn(
/home-mscluster/erex/anaconda3/lib/python3.9/site-packages/sklearn/neural_network/_multilayer_perceptron.py:692: ConvergenceWarning: Stochastic Optimizer: Maximum iterations (5000) reached and the optimization hasn't converged yet.
  warnings.warn(
/home-mscluster/erex/anaconda3/lib/python3.9/site-packages/sklearn/neural_network/_multilayer_perceptron.py:692: ConvergenceWarning: Stochastic Optimizer: Maximum iterations (5000) reached and the optimization hasn't converged yet.
  warnings.warn(
/home-mscluster/erex/anaconda3/lib/python3.9/site-packages/sklearn/neural_network/_multilayer_perceptron.py:692: ConvergenceWarning: Stochastic Optimizer: Maximum iterations (5000) reached and the optimization hasn't converged yet.
  warnings.warn(
/home-mscluster/erex/anaconda3/lib/python3.9/site-packages/sklearn/neural_network/_multilayer_perceptron.py:692: ConvergenceWarning: Stochastic Optimizer: Maximum iterations (5000) reached and the optimization hasn't converged yet.
  warnings.warn(
/home-mscluster/erex/anaconda3/lib/python3.9/site-packages/sklearn/neural_network/_multilayer_perceptron.py:692: ConvergenceWarning: Stochastic Optimizer: Maximum iterations (5000) reached and the optimization hasn't converged yet.
  warnings.warn(
/home-mscluster/erex/anaconda3/lib/python3.9/site-packages/sklearn/neural_network/_multilayer_perceptron.py:692: ConvergenceWarning: Stochastic Optimizer: Maximum iterations (5000) reached and the optimization hasn't converged yet.
  warnings.warn(
/home-mscluster/erex/anaconda3/lib/python3.9/site-packages/sklearn/neural_network/_multilayer_perceptron.py:692: ConvergenceWarning: Stochastic Optimizer: Maximum iterations (5000) reached and the optimization hasn't converged yet.
  warnings.warn(
/home-mscluster/erex/anaconda3/lib/python3.9/site-packages/sklearn/neural_network/_multilayer_perceptron.py:692: ConvergenceWarning: Stochastic Optimizer: Maximum iterations (5000) reached and the optimization hasn't converged yet.
  warnings.warn(
/home-mscluster/erex/anaconda3/lib/python3.9/site-packages/sklearn/neural_network/_multilayer_perceptron.py:692: ConvergenceWarning: Stochastic Optimizer: Maximum iterations (5000) reached and the optimization hasn't converged yet.
  warnings.warn(
/home-mscluster/erex/anaconda3/lib/python3.9/site-packages/sklearn/neural_network/_multilayer_perceptron.py:692: ConvergenceWarning: Stochastic Optimizer: Maximum iterations (5000) reached and the optimization hasn't converged yet.
  warnings.warn(
/home-mscluster/erex/anaconda3/lib/python3.9/site-packages/sklearn/neural_network/_multilayer_perceptron.py:692: ConvergenceWarning: Stochastic Optimizer: Maximum iterations (5000) reached and the optimization hasn't converged yet.
  warnings.warn(
/home-mscluster/erex/anaconda3/lib/python3.9/site-packages/sklearn/neural_network/_multilayer_perceptron.py:692: ConvergenceWarning: Stochastic Optimizer: Maximum iterations (5000) reached and the optimization hasn't converged yet.
  warnings.warn(
/home-mscluster/erex/anaconda3/lib/python3.9/site-packages/sklearn/neural_network/_multilayer_perceptron.py:692: ConvergenceWarning: Stochastic Optimizer: Maximum iterations (5000) reached and the optimization hasn't converged yet.
  warnings.warn(
/home-mscluster/erex/anaconda3/lib/python3.9/site-packages/sklearn/neural_network/_multilayer_perceptron.py:692: ConvergenceWarning: Stochastic Optimizer: Maximum iterations (5000) reached and the optimization hasn't converged yet.
  warnings.warn(
/home-mscluster/erex/anaconda3/lib/python3.9/site-packages/sklearn/neural_network/_multilayer_perceptron.py:692: ConvergenceWarning: Stochastic Optimizer: Maximum iterations (5000) reached and the optimization hasn't converged yet.
  warnings.warn(
/home-mscluster/erex/anaconda3/lib/python3.9/site-packages/sklearn/neural_network/_multilayer_perceptron.py:692: ConvergenceWarning: Stochastic Optimizer: Maximum iterations (5000) reached and the optimization hasn't converged yet.
  warnings.warn(
/home-mscluster/erex/anaconda3/lib/python3.9/site-packages/sklearn/neural_network/_multilayer_perceptron.py:692: ConvergenceWarning: Stochastic Optimizer: Maximum iterations (5000) reached and the optimization hasn't converged yet.
  warnings.warn(
[CV 5/5] END activation=relu, hidden_layer_sizes=(100,);, score=-5458.861 total time=16.0min
[CV 3/5] END activation=relu, hidden_layer_sizes=(100,);, score=-5152.180 total time=16.3min
/home-mscluster/erex/anaconda3/lib/python3.9/site-packages/sklearn/neural_network/_multilayer_perceptron.py:692: ConvergenceWarning: Stochastic Optimizer: Maximum iterations (5000) reached and the optimization hasn't converged yet.
  warnings.warn(
[CV 4/5] END activation=relu, hidden_layer_sizes=(100,);, score=-5125.790 total time=18.0min
[CV 1/5] END activation=relu, hidden_layer_sizes=(100,);, score=-5104.325 total time=18.3min
/home-mscluster/erex/anaconda3/lib/python3.9/site-packages/sklearn/neural_network/_multilayer_perceptron.py:692: ConvergenceWarning: Stochastic Optimizer: Maximum iterations (5000) reached and the optimization hasn't converged yet.
  warnings.warn(
/home-mscluster/erex/anaconda3/lib/python3.9/site-packages/sklearn/neural_network/_multilayer_perceptron.py:692: ConvergenceWarning: Stochastic Optimizer: Maximum iterations (5000) reached and the optimization hasn't converged yet.
  warnings.warn(
/home-mscluster/erex/anaconda3/lib/python3.9/site-packages/sklearn/neural_network/_multilayer_perceptron.py:692: ConvergenceWarning: Stochastic Optimizer: Maximum iterations (5000) reached and the optimization hasn't converged yet.
  warnings.warn(
/home-mscluster/erex/anaconda3/lib/python3.9/site-packages/sklearn/neural_network/_multilayer_perceptron.py:692: ConvergenceWarning: Stochastic Optimizer: Maximum iterations (5000) reached and the optimization hasn't converged yet.
  warnings.warn(
/home-mscluster/erex/anaconda3/lib/python3.9/site-packages/sklearn/neural_network/_multilayer_perceptron.py:692: ConvergenceWarning: Stochastic Optimizer: Maximum iterations (5000) reached and the optimization hasn't converged yet.
  warnings.warn(
/home-mscluster/erex/anaconda3/lib/python3.9/site-packages/sklearn/neural_network/_multilayer_perceptron.py:692: ConvergenceWarning: Stochastic Optimizer: Maximum iterations (5000) reached and the optimization hasn't converged yet.
  warnings.warn(
/home-mscluster/erex/anaconda3/lib/python3.9/site-packages/sklearn/neural_network/_multilayer_perceptron.py:692: ConvergenceWarning: Stochastic Optimizer: Maximum iterations (5000) reached and the optimization hasn't converged yet.
  warnings.warn(
[CV 4/5] END activation=relu, hidden_layer_sizes=(4,);, score=-5857.407 total time= 9.1min
[CV 3/5] END activation=tanh, hidden_layer_sizes=(4,);, score=-8953.192 total time=10.2min
[CV 3/5] END activation=relu, hidden_layer_sizes=(4,);, score=-5930.069 total time= 9.2min
[CV 4/5] END activation=tanh, hidden_layer_sizes=(4,);, score=-9086.983 total time=10.8min
[CV 5/5] END activation=relu, hidden_layer_sizes=(4,);, score=-5890.685 total time= 9.3min
[CV 5/5] END activation=tanh, hidden_layer_sizes=(4,);, score=-9060.164 total time=10.8min
/home-mscluster/erex/anaconda3/lib/python3.9/site-packages/sklearn/neural_network/_multilayer_perceptron.py:692: ConvergenceWarning: Stochastic Optimizer: Maximum iterations (5000) reached and the optimization hasn't converged yet.
  warnings.warn(
/home-mscluster/erex/anaconda3/lib/python3.9/site-packages/sklearn/neural_network/_multilayer_perceptron.py:692: ConvergenceWarning: Stochastic Optimizer: Maximum iterations (5000) reached and the optimization hasn't converged yet.
  warnings.warn(
/home-mscluster/erex/anaconda3/lib/python3.9/site-packages/sklearn/neural_network/_multilayer_perceptron.py:692: ConvergenceWarning: Stochastic Optimizer: Maximum iterations (5000) reached and the optimization hasn't converged yet.
  warnings.warn(
/home-mscluster/erex/anaconda3/lib/python3.9/site-packages/sklearn/neural_network/_multilayer_perceptron.py:692: ConvergenceWarning: Stochastic Optimizer: Maximum iterations (5000) reached and the optimization hasn't converged yet.
  warnings.warn(
/home-mscluster/erex/anaconda3/lib/python3.9/site-packages/sklearn/neural_network/_multilayer_perceptron.py:692: ConvergenceWarning: Stochastic Optimizer: Maximum iterations (5000) reached and the optimization hasn't converged yet.
  warnings.warn(
/home-mscluster/erex/anaconda3/lib/python3.9/site-packages/sklearn/neural_network/_multilayer_perceptron.py:692: ConvergenceWarning: Stochastic Optimizer: Maximum iterations (5000) reached and the optimization hasn't converged yet.
  warnings.warn(
/home-mscluster/erex/anaconda3/lib/python3.9/site-packages/sklearn/neural_network/_multilayer_perceptron.py:692: ConvergenceWarning: Stochastic Optimizer: Maximum iterations (5000) reached and the optimization hasn't converged yet.
  warnings.warn(
[CV 3/5] END activation=relu, hidden_layer_sizes=(13,);, score=-5513.813 total time= 9.9min
[CV 1/5] END activation=tanh, hidden_layer_sizes=(13,);, score=-7101.232 total time=12.9min
/home-mscluster/erex/anaconda3/lib/python3.9/site-packages/sklearn/neural_network/_multilayer_perceptron.py:692: ConvergenceWarning: Stochastic Optimizer: Maximum iterations (5000) reached and the optimization hasn't converged yet.
  warnings.warn(
[CV 2/5] END activation=relu, hidden_layer_sizes=(4,);, score=-6230.566 total time= 9.3min
[CV 2/5] END activation=tanh, hidden_layer_sizes=7;, score=-8394.425 total time=14.1min
[CV 4/5] END activation=relu, hidden_layer_sizes=(13,);, score=-5443.800 total time= 9.7min
[CV 3/5] END activation=tanh, hidden_layer_sizes=7;, score=-8286.759 total time=13.8min
[CV 5/5] END activation=relu, hidden_layer_sizes=(13,);, score=-5612.485 total time=10.0min
[CV 2/5] END activation=tanh, hidden_layer_sizes=(13,);, score=-7245.023 total time=13.5min
[CV 1/5] END activation=relu, hidden_layer_sizes=(4,);, score=-5822.735 total time= 9.3min
[CV 1/5] END activation=tanh, hidden_layer_sizes=7;, score=-8234.252 total time=14.3min
/home-mscluster/erex/anaconda3/lib/python3.9/site-packages/sklearn/neural_network/_multilayer_perceptron.py:692: ConvergenceWarning: Stochastic Optimizer: Maximum iterations (5000) reached and the optimization hasn't converged yet.
  warnings.warn(
/home-mscluster/erex/anaconda3/lib/python3.9/site-packages/sklearn/neural_network/_multilayer_perceptron.py:692: ConvergenceWarning: Stochastic Optimizer: Maximum iterations (5000) reached and the optimization hasn't converged yet.
  warnings.warn(
[CV 2/5] END activation=relu, hidden_layer_sizes=(13,);, score=-5908.450 total time= 9.8min
[CV 4/5] END activation=tanh, hidden_layer_sizes=7;, score=-8407.322 total time=13.9min
/home-mscluster/erex/anaconda3/lib/python3.9/site-packages/sklearn/neural_network/_multilayer_perceptron.py:692: ConvergenceWarning: Stochastic Optimizer: Maximum iterations (5000) reached and the optimization hasn't converged yet.
  warnings.warn(
[CV 4/5] END activation=relu, hidden_layer_sizes=(25,);, score=-5443.103 total time=10.9min
[CV 5/5] END activation=tanh, hidden_layer_sizes=(13,);, score=-7247.839 total time=12.9min
[CV 1/5] END activation=relu, hidden_layer_sizes=(13,);, score=-5422.472 total time= 9.8min
[CV 5/5] END activation=tanh, hidden_layer_sizes=7;, score=-8386.765 total time=14.1min
/home-mscluster/erex/anaconda3/lib/python3.9/site-packages/sklearn/neural_network/_multilayer_perceptron.py:692: ConvergenceWarning: Stochastic Optimizer: Maximum iterations (5000) reached and the optimization hasn't converged yet.
  warnings.warn(
[CV 1/5] END activation=relu, hidden_layer_sizes=(25,);, score=-5395.409 total time=10.8min
[CV 4/5] END activation=tanh, hidden_layer_sizes=(13,);, score=-7248.568 total time=14.2min
[CV 3/5] END activation=relu, hidden_layer_sizes=(25,);, score=-5397.354 total time=10.7min
[CV 3/5] END activation=tanh, hidden_layer_sizes=(13,);, score=-7163.947 total time=14.5min
[CV 4/5] END activation=relu, hidden_layer_sizes=7;, score=-5488.855 total time=11.8min
[CV 2/5] END activation=tanh, hidden_layer_sizes=(50,);, score=-6086.464 total time=13.9min
[CV 2/5] END activation=relu, hidden_layer_sizes=(25,);, score=-5861.326 total time=11.0min
[CV 1/5] END activation=tanh, hidden_layer_sizes=(25,);, score=-6119.550 total time=15.6min
/home-mscluster/erex/anaconda3/lib/python3.9/site-packages/sklearn/neural_network/_multilayer_perceptron.py:692: ConvergenceWarning: Stochastic Optimizer: Maximum iterations (5000) reached and the optimization hasn't converged yet.
  warnings.warn(
[CV 1/5] END activation=relu, hidden_layer_sizes=7;, score=-5468.070 total time=11.6min
[CV 1/5] END activation=tanh, hidden_layer_sizes=(50,);, score=-6012.431 total time=15.8min
/home-mscluster/erex/anaconda3/lib/python3.9/site-packages/sklearn/neural_network/_multilayer_perceptron.py:692: ConvergenceWarning: Stochastic Optimizer: Maximum iterations (5000) reached and the optimization hasn't converged yet.
  warnings.warn(
[CV 3/5] END activation=relu, hidden_layer_sizes=7;, score=-5577.886 total time=11.8min
[CV 3/5] END activation=tanh, hidden_layer_sizes=(50,);, score=-6101.262 total time=15.8min
[CV 2/5] END activation=relu, hidden_layer_sizes=7;, score=-5824.411 total time=11.9min
[CV 4/5] END activation=tanh, hidden_layer_sizes=(50,);, score=-6108.606 total time=15.8min
/home-mscluster/erex/anaconda3/lib/python3.9/site-packages/sklearn/neural_network/_multilayer_perceptron.py:692: ConvergenceWarning: Stochastic Optimizer: Maximum iterations (5000) reached and the optimization hasn't converged yet.
  warnings.warn(
[CV 2/5] END activation=relu, hidden_layer_sizes=(50,);, score=-5950.601 total time=12.7min
[CV 5/5] END activation=tanh, hidden_layer_sizes=(50,);, score=-6088.680 total time=15.5min
/home-mscluster/erex/anaconda3/lib/python3.9/site-packages/sklearn/neural_network/_multilayer_perceptron.py:692: ConvergenceWarning: Stochastic Optimizer: Maximum iterations (5000) reached and the optimization hasn't converged yet.
  warnings.warn(
[CV 5/5] END activation=relu, hidden_layer_sizes=7;, score=-5738.448 total time=11.6min
[CV 5/5] END activation=tanh, hidden_layer_sizes=(25,);, score=-6201.363 total time=17.0min
[CV 5/5] END activation=relu, hidden_layer_sizes=(25,);, score=-5536.735 total time=11.1min
[CV 3/5] END activation=tanh, hidden_layer_sizes=(25,);, score=-6186.647 total time=17.4min
[CV 1/5] END activation=tanh, hidden_layer_sizes=(4,);, score=-8904.096 total time=11.3min
[CV 4/5] END activation=tanh, hidden_layer_sizes=(25,);, score=-6183.113 total time=17.4min
[CV 2/5] END activation=tanh, hidden_layer_sizes=(4,);, score=-9072.096 total time=11.1min
[CV 2/5] END activation=tanh, hidden_layer_sizes=(25,);, score=-6163.894 total time=18.1min
/home-mscluster/erex/anaconda3/lib/python3.9/site-packages/sklearn/neural_network/_multilayer_perceptron.py:692: ConvergenceWarning: Stochastic Optimizer: Maximum iterations (5000) reached and the optimization hasn't converged yet.
  warnings.warn(
[CV 3/5] END activation=relu, hidden_layer_sizes=(50,);, score=-5292.383 total time=13.0min
[CV 4/5] END activation=tanh, hidden_layer_sizes=(100,);, score=-5828.337 total time=19.0min
[CV 4/5] END activation=relu, hidden_layer_sizes=(50,);, score=-5227.936 total time=12.9min
[CV 2/5] END activation=tanh, hidden_layer_sizes=(100,);, score=-6019.795 total time=19.7min
[CV 5/5] END activation=relu, hidden_layer_sizes=(50,);, score=-5510.287 total time=12.9min
[CV 3/5] END activation=tanh, hidden_layer_sizes=(100,);, score=-5788.751 total time=20.0min
[CV 1/5] END activation=relu, hidden_layer_sizes=(50,);, score=-5211.449 total time=12.8min
[CV 1/5] END activation=tanh, hidden_layer_sizes=(100,);, score=-5769.314 total time=20.6min
[CV 2/5] END activation=relu, hidden_layer_sizes=(100,);, score=-5945.287 total time=15.9min
[CV 5/5] END activation=tanh, hidden_layer_sizes=(100,);, score=-5869.862 total time=20.2min
/home-mscluster/erex/anaconda3/lib/python3.9/site-packages/sklearn/neural_network/_multilayer_perceptron.py:692: ConvergenceWarning: Stochastic Optimizer: Maximum iterations (5000) reached and the optimization hasn't converged yet.
  warnings.warn(
Fitting 5 folds for each of 18 candidates, totalling 90 fits
[CV 3/5] END max_depth=10, max_features=sqrt, n_estimators=25;, score=-4049.308 total time=   2.1s
[CV 4/5] END max_depth=100, max_features=sqrt, n_estimators=25;, score=-3519.470 total time=   3.8s
[CV 2/5] END max_depth=100, max_features=sqrt, n_estimators=500;, score=-3451.678 total time= 1.2min
[CV 1/5] END max_depth=10, max_features=sqrt, n_estimators=25;, score=-4039.306 total time=   2.1s
[CV 3/5] END max_depth=100, max_features=sqrt, n_estimators=25;, score=-3545.428 total time=   3.8s
[CV 1/5] END max_depth=100, max_features=sqrt, n_estimators=500;, score=-3461.309 total time= 1.2min
[CV 3/5] END max_depth=10, max_features=None, n_estimators=25;, score=-3841.854 total time=   7.7s
[CV 5/5] END max_depth=100, max_features=sqrt, n_estimators=500;, score=-3466.959 total time= 1.2min
[CV 4/5] END max_depth=10, max_features=None, n_estimators=25;, score=-3809.833 total time=   7.7s
[CV 3/5] END max_depth=100, max_features=sqrt, n_estimators=500;, score=-3446.811 total time= 1.2min
[CV 5/5] END max_depth=10, max_features=None, n_estimators=25;, score=-3940.478 total time=   7.7s
[CV 4/5] END max_depth=100, max_features=sqrt, n_estimators=500;, score=-3452.586 total time= 1.2min
[CV 2/5] END max_depth=10, max_features=sqrt, n_estimators=100;, score=-3939.207 total time=   8.2s
[CV 5/5] END max_depth=100, max_features=None, n_estimators=25;, score=-3627.133 total time=  13.3s
[CV 1/5] END max_depth=None, max_features=sqrt, n_estimators=25;, score=-3534.301 total time=   3.7s
[CV 3/5] END max_depth=None, max_features=sqrt, n_estimators=25;, score=-3545.428 total time=   3.7s
[CV 5/5] END max_depth=None, max_features=sqrt, n_estimators=25;, score=-3568.028 total time=   3.7s
[CV 2/5] END max_depth=None, max_features=sqrt, n_estimators=500;, score=-3451.678 total time= 1.2min
[CV 2/5] END max_depth=10, max_features=sqrt, n_estimators=500;, score=-3941.938 total time=  40.7s
[CV 3/5] END max_depth=None, max_features=sqrt, n_estimators=500;, score=-3446.811 total time= 1.1min
[CV 2/5] END max_depth=10, max_features=None, n_estimators=100;, score=-3802.543 total time=  30.8s
[CV 1/5] END max_depth=None, max_features=sqrt, n_estimators=500;, score=-3461.309 total time= 1.2min
[CV 4/5] END max_depth=10, max_features=sqrt, n_estimators=500;, score=-3996.056 total time=  40.6s
[CV 4/5] END max_depth=None, max_features=sqrt, n_estimators=500;, score=-3452.586 total time= 1.1min
[CV 5/5] END max_depth=10, max_features=sqrt, n_estimators=500;, score=-4010.531 total time=  40.8s
[CV 5/5] END max_depth=None, max_features=sqrt, n_estimators=500;, score=-3466.959 total time= 1.2min
[CV 2/5] END max_depth=10, max_features=None, n_estimators=25;, score=-3836.319 total time=   7.7s
[CV 2/5] END max_depth=100, max_features=None, n_estimators=25;, score=-3607.011 total time=  13.5s
[CV 4/5] END max_depth=100, max_features=None, n_estimators=500;, score=-3426.866 total time= 3.3min
[CV 1/5] END max_depth=10, max_features=None, n_estimators=25;, score=-3895.537 total time=   7.7s
[CV 1/5] END max_depth=100, max_features=None, n_estimators=25;, score=-3582.342 total time=  13.4s
[CV 3/5] END max_depth=100, max_features=None, n_estimators=500;, score=-3492.957 total time= 3.3min
[CV 1/5] END max_depth=100, max_features=sqrt, n_estimators=25;, score=-3534.301 total time=   3.8s
[CV 4/5] END max_depth=100, max_features=sqrt, n_estimators=100;, score=-3462.398 total time=  14.8s
[CV 1/5] END max_depth=100, max_features=None, n_estimators=500;, score=-3520.371 total time= 3.4min
[CV 4/5] END max_depth=10, max_features=sqrt, n_estimators=100;, score=-4008.145 total time=   8.1s
[CV 3/5] END max_depth=100, max_features=None, n_estimators=25;, score=-3606.371 total time=  13.2s
[CV 5/5] END max_depth=100, max_features=None, n_estimators=500;, score=-3521.272 total time= 3.4min
[CV 2/5] END max_depth=10, max_features=sqrt, n_estimators=25;, score=-3960.226 total time=   2.1s
[CV 5/5] END max_depth=100, max_features=sqrt, n_estimators=25;, score=-3568.028 total time=   3.7s
[CV 5/5] END max_depth=100, max_features=sqrt, n_estimators=100;, score=-3487.394 total time=  14.8s
[CV 2/5] END max_depth=100, max_features=None, n_estimators=500;, score=-3481.444 total time= 3.4min
[CV 5/5] END max_depth=10, max_features=None, n_estimators=100;, score=-3898.038 total time=  30.6s
[CV 2/5] END max_depth=None, max_features=sqrt, n_estimators=100;, score=-3488.540 total time=  14.8s
[CV 4/5] END max_depth=None, max_features=None, n_estimators=25;, score=-3515.848 total time=  13.3s
[CV 1/5] END max_depth=None, max_features=None, n_estimators=500;, score=-3520.371 total time= 3.0min
[CV 4/5] END max_depth=10, max_features=sqrt, n_estimators=25;, score=-4051.883 total time=   2.1s
[CV 2/5] END max_depth=100, max_features=sqrt, n_estimators=100;, score=-3488.540 total time=  14.8s
[CV 3/5] END max_depth=100, max_features=None, n_estimators=100;, score=-3524.958 total time=  52.9s
[CV 5/5] END max_depth=None, max_features=None, n_estimators=500;, score=-3521.272 total time= 3.0min
[CV 1/5] END max_depth=10, max_features=None, n_estimators=100;, score=-3857.567 total time=  30.7s
[CV 3/5] END max_depth=None, max_features=sqrt, n_estimators=100;, score=-3466.161 total time=  14.8s
[CV 5/5] END max_depth=None, max_features=None, n_estimators=25;, score=-3627.133 total time=  13.3s
[CV 2/5] END max_depth=None, max_features=None, n_estimators=500;, score=-3481.444 total time= 3.2min
[CV 5/5] END max_depth=10, max_features=sqrt, n_estimators=100;, score=-4015.860 total time=   8.2s
[CV 2/5] END max_depth=100, max_features=None, n_estimators=100;, score=-3510.267 total time=  53.6s
[CV 3/5] END max_depth=None, max_features=None, n_estimators=500;, score=-3492.957 total time= 3.1min
[CV 3/5] END max_depth=10, max_features=sqrt, n_estimators=100;, score=-3961.594 total time=   8.2s
[CV 1/5] END max_depth=100, max_features=None, n_estimators=100;, score=-3540.255 total time=  53.6s
[CV 4/5] END max_depth=None, max_features=None, n_estimators=500;, score=-3426.866 total time= 3.2min
Traceback (most recent call last):
  File "/home-mscluster/erex/anaconda3/lib/python3.9/runpy.py", line 197, in _run_module_as_main
    return _run_code(code, main_globals, None,
  File "/home-mscluster/erex/anaconda3/lib/python3.9/runpy.py", line 87, in _run_code
    exec(code, run_globals)
  File "/home-mscluster/erex/sensors_project/model/main.py", line 214, in <module>
    main()
  File "/home-mscluster/erex/sensors_project/model/main.py", line 194, in main
    models, evaluations = train_all_models(df,random_state=random_state)
  File "/home-mscluster/erex/sensors_project/model/main.py", line 168, in train_all_models
    gp_regressor = hyper_optimise_gpr(X_train,y_train,random_state=random_state)
  File "/home-mscluster/erex/sensors_project/model/main.py", line 86, in hyper_optimise_gpr
    estimator = GaussianProcessRegressor(random_state=random_state, max_iter=5000)
TypeError: __init__() got an unexpected keyword argument 'max_iter'
[CV 5/5] END max_depth=10, max_features=sqrt, n_estimators=25;, score=-4055.045 total time=   2.1s
[CV 1/5] END max_depth=100, max_features=sqrt, n_estimators=100;, score=-3480.393 total time=  14.9s
[CV 4/5] END max_depth=100, max_features=None, n_estimators=100;, score=-3437.386 total time=  53.7s
[CV 2/5] END max_depth=100, max_features=sqrt, n_estimators=25;, score=-3571.861 total time=   3.7s
[CV 3/5] END max_depth=100, max_features=sqrt, n_estimators=100;, score=-3466.161 total time=  14.9s
[CV 5/5] END max_depth=100, max_features=None, n_estimators=100;, score=-3544.380 total time=  53.0s
[CV 4/5] END max_depth=10, max_features=None, n_estimators=100;, score=-3784.085 total time=  30.7s
[CV 5/5] END max_depth=None, max_features=sqrt, n_estimators=100;, score=-3487.394 total time=  14.8s
[CV 1/5] END max_depth=None, max_features=None, n_estimators=100;, score=-3540.255 total time=  53.3s
[CV 3/5] END max_depth=10, max_features=None, n_estimators=100;, score=-3808.995 total time=  30.7s
[CV 4/5] END max_depth=None, max_features=sqrt, n_estimators=100;, score=-3462.398 total time=  14.9s
[CV 2/5] END max_depth=None, max_features=None, n_estimators=100;, score=-3510.267 total time=  53.5s
[CV 3/5] END max_depth=10, max_features=sqrt, n_estimators=500;, score=-3971.512 total time=  40.8s
[CV 1/5] END max_depth=None, max_features=None, n_estimators=25;, score=-3582.342 total time=  13.4s
[CV 3/5] END max_depth=None, max_features=None, n_estimators=100;, score=-3524.958 total time=  52.7s
[CV 1/5] END max_depth=10, max_features=sqrt, n_estimators=500;, score=-3996.532 total time=  40.9s
[CV 2/5] END max_depth=None, max_features=None, n_estimators=25;, score=-3607.011 total time=  13.4s
[CV 4/5] END max_depth=None, max_features=None, n_estimators=100;, score=-3437.386 total time=  53.3s
[CV 1/5] END max_depth=10, max_features=sqrt, n_estimators=100;, score=-3992.158 total time=   8.2s
[CV 4/5] END max_depth=100, max_features=None, n_estimators=25;, score=-3515.848 total time=  13.4s
[CV 2/5] END max_depth=None, max_features=sqrt, n_estimators=25;, score=-3571.861 total time=   3.7s
[CV 4/5] END max_depth=None, max_features=sqrt, n_estimators=25;, score=-3519.470 total time=   3.7s
[CV 1/5] END max_depth=None, max_features=sqrt, n_estimators=100;, score=-3480.393 total time=  14.9s
[CV 3/5] END max_depth=None, max_features=None, n_estimators=25;, score=-3606.371 total time=  13.2s
[CV 5/5] END max_depth=None, max_features=None, n_estimators=100;, score=-3544.380 total time=  51.9s
[CV 3/5] END max_depth=10, max_features=None, n_estimators=500;, score=-3800.812 total time= 2.2min
[CV 2/5] END max_depth=10, max_features=None, n_estimators=500;, score=-3788.092 total time= 2.2min
[CV 5/5] END max_depth=10, max_features=None, n_estimators=500;, score=-3867.474 total time= 2.2min
[CV 1/5] END max_depth=10, max_features=None, n_estimators=500;, score=-3858.084 total time= 2.2min
[CV 4/5] END max_depth=10, max_features=None, n_estimators=500;, score=-3772.180 total time= 2.3min
