running job: 1
Starting Main
Using random state: 1
Loaded Data
Starting Experiments
Training Unnamed: 0 model ...
Fitting 5 folds for each of 12 candidates, totalling 60 fits
/home-mscluster/erex/anaconda3/lib/python3.9/site-packages/sklearn/neural_network/_multilayer_perceptron.py:692: ConvergenceWarning: Stochastic Optimizer: Maximum iterations (5000) reached and the optimization hasn't converged yet.
  warnings.warn(
/home-mscluster/erex/anaconda3/lib/python3.9/site-packages/sklearn/neural_network/_multilayer_perceptron.py:692: ConvergenceWarning: Stochastic Optimizer: Maximum iterations (5000) reached and the optimization hasn't converged yet.
  warnings.warn(
/home-mscluster/erex/anaconda3/lib/python3.9/site-packages/sklearn/neural_network/_multilayer_perceptron.py:692: ConvergenceWarning: Stochastic Optimizer: Maximum iterations (5000) reached and the optimization hasn't converged yet.
  warnings.warn(
/home-mscluster/erex/anaconda3/lib/python3.9/site-packages/sklearn/neural_network/_multilayer_perceptron.py:692: ConvergenceWarning: Stochastic Optimizer: Maximum iterations (5000) reached and the optimization hasn't converged yet.
  warnings.warn(
/home-mscluster/erex/anaconda3/lib/python3.9/site-packages/sklearn/neural_network/_multilayer_perceptron.py:692: ConvergenceWarning: Stochastic Optimizer: Maximum iterations (5000) reached and the optimization hasn't converged yet.
  warnings.warn(
/home-mscluster/erex/anaconda3/lib/python3.9/site-packages/sklearn/neural_network/_multilayer_perceptron.py:692: ConvergenceWarning: Stochastic Optimizer: Maximum iterations (5000) reached and the optimization hasn't converged yet.
  warnings.warn(
/home-mscluster/erex/anaconda3/lib/python3.9/site-packages/sklearn/neural_network/_multilayer_perceptron.py:692: ConvergenceWarning: Stochastic Optimizer: Maximum iterations (5000) reached and the optimization hasn't converged yet.
  warnings.warn(
/home-mscluster/erex/anaconda3/lib/python3.9/site-packages/sklearn/neural_network/_multilayer_perceptron.py:692: ConvergenceWarning: Stochastic Optimizer: Maximum iterations (5000) reached and the optimization hasn't converged yet.
  warnings.warn(
/home-mscluster/erex/anaconda3/lib/python3.9/site-packages/sklearn/neural_network/_multilayer_perceptron.py:692: ConvergenceWarning: Stochastic Optimizer: Maximum iterations (5000) reached and the optimization hasn't converged yet.
  warnings.warn(
/home-mscluster/erex/anaconda3/lib/python3.9/site-packages/sklearn/neural_network/_multilayer_perceptron.py:692: ConvergenceWarning: Stochastic Optimizer: Maximum iterations (5000) reached and the optimization hasn't converged yet.
  warnings.warn(
/home-mscluster/erex/anaconda3/lib/python3.9/site-packages/sklearn/neural_network/_multilayer_perceptron.py:692: ConvergenceWarning: Stochastic Optimizer: Maximum iterations (5000) reached and the optimization hasn't converged yet.
  warnings.warn(
/home-mscluster/erex/anaconda3/lib/python3.9/site-packages/sklearn/neural_network/_multilayer_perceptron.py:692: ConvergenceWarning: Stochastic Optimizer: Maximum iterations (5000) reached and the optimization hasn't converged yet.
  warnings.warn(
/home-mscluster/erex/anaconda3/lib/python3.9/site-packages/sklearn/neural_network/_multilayer_perceptron.py:692: ConvergenceWarning: Stochastic Optimizer: Maximum iterations (5000) reached and the optimization hasn't converged yet.
  warnings.warn(
/home-mscluster/erex/anaconda3/lib/python3.9/site-packages/sklearn/neural_network/_multilayer_perceptron.py:692: ConvergenceWarning: Stochastic Optimizer: Maximum iterations (5000) reached and the optimization hasn't converged yet.
  warnings.warn(
/home-mscluster/erex/anaconda3/lib/python3.9/site-packages/sklearn/neural_network/_multilayer_perceptron.py:692: ConvergenceWarning: Stochastic Optimizer: Maximum iterations (5000) reached and the optimization hasn't converged yet.
  warnings.warn(
/home-mscluster/erex/anaconda3/lib/python3.9/site-packages/sklearn/neural_network/_multilayer_perceptron.py:692: ConvergenceWarning: Stochastic Optimizer: Maximum iterations (5000) reached and the optimization hasn't converged yet.
  warnings.warn(
/home-mscluster/erex/anaconda3/lib/python3.9/site-packages/sklearn/neural_network/_multilayer_perceptron.py:692: ConvergenceWarning: Stochastic Optimizer: Maximum iterations (5000) reached and the optimization hasn't converged yet.
  warnings.warn(
/home-mscluster/erex/anaconda3/lib/python3.9/site-packages/sklearn/neural_network/_multilayer_perceptron.py:692: ConvergenceWarning: Stochastic Optimizer: Maximum iterations (5000) reached and the optimization hasn't converged yet.
  warnings.warn(
/home-mscluster/erex/anaconda3/lib/python3.9/site-packages/sklearn/neural_network/_multilayer_perceptron.py:692: ConvergenceWarning: Stochastic Optimizer: Maximum iterations (5000) reached and the optimization hasn't converged yet.
  warnings.warn(
/home-mscluster/erex/anaconda3/lib/python3.9/site-packages/sklearn/neural_network/_multilayer_perceptron.py:692: ConvergenceWarning: Stochastic Optimizer: Maximum iterations (5000) reached and the optimization hasn't converged yet.
  warnings.warn(
/home-mscluster/erex/anaconda3/lib/python3.9/site-packages/sklearn/neural_network/_multilayer_perceptron.py:692: ConvergenceWarning: Stochastic Optimizer: Maximum iterations (5000) reached and the optimization hasn't converged yet.
  warnings.warn(
/home-mscluster/erex/anaconda3/lib/python3.9/site-packages/sklearn/neural_network/_multilayer_perceptron.py:692: ConvergenceWarning: Stochastic Optimizer: Maximum iterations (5000) reached and the optimization hasn't converged yet.
  warnings.warn(
/home-mscluster/erex/anaconda3/lib/python3.9/site-packages/sklearn/neural_network/_multilayer_perceptron.py:692: ConvergenceWarning: Stochastic Optimizer: Maximum iterations (5000) reached and the optimization hasn't converged yet.
  warnings.warn(
/home-mscluster/erex/anaconda3/lib/python3.9/site-packages/sklearn/neural_network/_multilayer_perceptron.py:692: ConvergenceWarning: Stochastic Optimizer: Maximum iterations (5000) reached and the optimization hasn't converged yet.
  warnings.warn(
/home-mscluster/erex/anaconda3/lib/python3.9/site-packages/sklearn/neural_network/_multilayer_perceptron.py:692: ConvergenceWarning: Stochastic Optimizer: Maximum iterations (5000) reached and the optimization hasn't converged yet.
  warnings.warn(
/home-mscluster/erex/anaconda3/lib/python3.9/site-packages/sklearn/neural_network/_multilayer_perceptron.py:692: ConvergenceWarning: Stochastic Optimizer: Maximum iterations (5000) reached and the optimization hasn't converged yet.
  warnings.warn(
/home-mscluster/erex/anaconda3/lib/python3.9/site-packages/sklearn/neural_network/_multilayer_perceptron.py:692: ConvergenceWarning: Stochastic Optimizer: Maximum iterations (5000) reached and the optimization hasn't converged yet.
  warnings.warn(
/home-mscluster/erex/anaconda3/lib/python3.9/site-packages/sklearn/neural_network/_multilayer_perceptron.py:692: ConvergenceWarning: Stochastic Optimizer: Maximum iterations (5000) reached and the optimization hasn't converged yet.
  warnings.warn(
/home-mscluster/erex/anaconda3/lib/python3.9/site-packages/sklearn/neural_network/_multilayer_perceptron.py:692: ConvergenceWarning: Stochastic Optimizer: Maximum iterations (5000) reached and the optimization hasn't converged yet.
  warnings.warn(
/home-mscluster/erex/anaconda3/lib/python3.9/site-packages/sklearn/neural_network/_multilayer_perceptron.py:692: ConvergenceWarning: Stochastic Optimizer: Maximum iterations (5000) reached and the optimization hasn't converged yet.
  warnings.warn(
/home-mscluster/erex/anaconda3/lib/python3.9/site-packages/sklearn/neural_network/_multilayer_perceptron.py:692: ConvergenceWarning: Stochastic Optimizer: Maximum iterations (5000) reached and the optimization hasn't converged yet.
  warnings.warn(
/home-mscluster/erex/anaconda3/lib/python3.9/site-packages/sklearn/neural_network/_multilayer_perceptron.py:692: ConvergenceWarning: Stochastic Optimizer: Maximum iterations (5000) reached and the optimization hasn't converged yet.
  warnings.warn(
/home-mscluster/erex/anaconda3/lib/python3.9/site-packages/sklearn/neural_network/_multilayer_perceptron.py:692: ConvergenceWarning: Stochastic Optimizer: Maximum iterations (5000) reached and the optimization hasn't converged yet.
  warnings.warn(
/home-mscluster/erex/anaconda3/lib/python3.9/site-packages/sklearn/neural_network/_multilayer_perceptron.py:692: ConvergenceWarning: Stochastic Optimizer: Maximum iterations (5000) reached and the optimization hasn't converged yet.
  warnings.warn(
/home-mscluster/erex/anaconda3/lib/python3.9/site-packages/sklearn/neural_network/_multilayer_perceptron.py:692: ConvergenceWarning: Stochastic Optimizer: Maximum iterations (5000) reached and the optimization hasn't converged yet.
  warnings.warn(
/home-mscluster/erex/anaconda3/lib/python3.9/site-packages/sklearn/neural_network/_multilayer_perceptron.py:692: ConvergenceWarning: Stochastic Optimizer: Maximum iterations (5000) reached and the optimization hasn't converged yet.
  warnings.warn(
[CV 2/5] END activation=relu, hidden_layer_sizes=(100,);, score=-5372.549 total time=16.3min
[CV 3/5] END activation=relu, hidden_layer_sizes=(100,);, score=-5056.226 total time=16.3min
[CV 1/5] END activation=relu, hidden_layer_sizes=(100,);, score=-5853.913 total time=16.4min
/home-mscluster/erex/anaconda3/lib/python3.9/site-packages/sklearn/neural_network/_multilayer_perceptron.py:692: ConvergenceWarning: Stochastic Optimizer: Maximum iterations (5000) reached and the optimization hasn't converged yet.
  warnings.warn(
/home-mscluster/erex/anaconda3/lib/python3.9/site-packages/sklearn/neural_network/_multilayer_perceptron.py:692: ConvergenceWarning: Stochastic Optimizer: Maximum iterations (5000) reached and the optimization hasn't converged yet.
  warnings.warn(
[CV 4/5] END activation=relu, hidden_layer_sizes=(100,);, score=-6909.129 total time=17.9min
/home-mscluster/erex/anaconda3/lib/python3.9/site-packages/sklearn/neural_network/_multilayer_perceptron.py:692: ConvergenceWarning: Stochastic Optimizer: Maximum iterations (5000) reached and the optimization hasn't converged yet.
  warnings.warn(
/home-mscluster/erex/anaconda3/lib/python3.9/site-packages/sklearn/neural_network/_multilayer_perceptron.py:692: ConvergenceWarning: Stochastic Optimizer: Maximum iterations (5000) reached and the optimization hasn't converged yet.
  warnings.warn(
/home-mscluster/erex/anaconda3/lib/python3.9/site-packages/sklearn/neural_network/_multilayer_perceptron.py:692: ConvergenceWarning: Stochastic Optimizer: Maximum iterations (5000) reached and the optimization hasn't converged yet.
  warnings.warn(
/home-mscluster/erex/anaconda3/lib/python3.9/site-packages/sklearn/neural_network/_multilayer_perceptron.py:692: ConvergenceWarning: Stochastic Optimizer: Maximum iterations (5000) reached and the optimization hasn't converged yet.
  warnings.warn(
/home-mscluster/erex/anaconda3/lib/python3.9/site-packages/sklearn/neural_network/_multilayer_perceptron.py:692: ConvergenceWarning: Stochastic Optimizer: Maximum iterations (5000) reached and the optimization hasn't converged yet.
  warnings.warn(
/home-mscluster/erex/anaconda3/lib/python3.9/site-packages/sklearn/neural_network/_multilayer_perceptron.py:692: ConvergenceWarning: Stochastic Optimizer: Maximum iterations (5000) reached and the optimization hasn't converged yet.
  warnings.warn(
[CV 1/5] END activation=relu, hidden_layer_sizes=(4,);, score=-5797.103 total time= 9.2min
[CV 3/5] END activation=tanh, hidden_layer_sizes=(4,);, score=-9033.468 total time=10.5min
[CV 3/5] END activation=relu, hidden_layer_sizes=(4,);, score=-5778.405 total time= 9.2min
[CV 4/5] END activation=tanh, hidden_layer_sizes=(4,);, score=-9044.759 total time=10.7min
/home-mscluster/erex/anaconda3/lib/python3.9/site-packages/sklearn/neural_network/_multilayer_perceptron.py:692: ConvergenceWarning: Stochastic Optimizer: Maximum iterations (5000) reached and the optimization hasn't converged yet.
  warnings.warn(
[CV 5/5] END activation=relu, hidden_layer_sizes=(4,);, score=-5600.398 total time= 9.2min
[CV 5/5] END activation=tanh, hidden_layer_sizes=(4,);, score=-8789.156 total time=11.0min
[CV 2/5] END activation=relu, hidden_layer_sizes=7;, score=-5594.504 total time= 9.4min
[CV 4/5] END activation=tanh, hidden_layer_sizes=7;, score=-8370.069 total time=11.6min
/home-mscluster/erex/anaconda3/lib/python3.9/site-packages/sklearn/neural_network/_multilayer_perceptron.py:692: ConvergenceWarning: Stochastic Optimizer: Maximum iterations (5000) reached and the optimization hasn't converged yet.
  warnings.warn(
/home-mscluster/erex/anaconda3/lib/python3.9/site-packages/sklearn/neural_network/_multilayer_perceptron.py:692: ConvergenceWarning: Stochastic Optimizer: Maximum iterations (5000) reached and the optimization hasn't converged yet.
  warnings.warn(
[CV 4/5] END activation=relu, hidden_layer_sizes=7;, score=-5801.518 total time= 9.5min
[CV 2/5] END activation=tanh, hidden_layer_sizes=(13,);, score=-7378.011 total time=13.0min
[CV 3/5] END activation=relu, hidden_layer_sizes=7;, score=-5530.394 total time= 9.4min
[CV 5/5] END activation=tanh, hidden_layer_sizes=7;, score=-8120.844 total time=13.3min
/home-mscluster/erex/anaconda3/lib/python3.9/site-packages/sklearn/neural_network/_multilayer_perceptron.py:692: ConvergenceWarning: Stochastic Optimizer: Maximum iterations (5000) reached and the optimization hasn't converged yet.
  warnings.warn(
/home-mscluster/erex/anaconda3/lib/python3.9/site-packages/sklearn/neural_network/_multilayer_perceptron.py:692: ConvergenceWarning: Stochastic Optimizer: Maximum iterations (5000) reached and the optimization hasn't converged yet.
  warnings.warn(
/home-mscluster/erex/anaconda3/lib/python3.9/site-packages/sklearn/neural_network/_multilayer_perceptron.py:692: ConvergenceWarning: Stochastic Optimizer: Maximum iterations (5000) reached and the optimization hasn't converged yet.
  warnings.warn(
[CV 1/5] END activation=relu, hidden_layer_sizes=7;, score=-5834.246 total time= 9.4min
[CV 3/5] END activation=tanh, hidden_layer_sizes=7;, score=-8354.736 total time=14.0min
[CV 2/5] END activation=relu, hidden_layer_sizes=(4,);, score=-5679.294 total time= 9.2min
[CV 1/5] END activation=tanh, hidden_layer_sizes=7;, score=-8391.060 total time=14.2min
/home-mscluster/erex/anaconda3/lib/python3.9/site-packages/sklearn/neural_network/_multilayer_perceptron.py:692: ConvergenceWarning: Stochastic Optimizer: Maximum iterations (5000) reached and the optimization hasn't converged yet.
  warnings.warn(
[CV 4/5] END activation=relu, hidden_layer_sizes=(4,);, score=-6005.853 total time= 9.3min
[CV 2/5] END activation=tanh, hidden_layer_sizes=7;, score=-8543.509 total time=14.1min
[CV 2/5] END activation=tanh, hidden_layer_sizes=(4,);, score=-9227.186 total time=11.0min
[CV 5/5] END activation=tanh, hidden_layer_sizes=(13,);, score=-7003.151 total time=12.7min
[CV 5/5] END activation=relu, hidden_layer_sizes=7;, score=-5559.429 total time= 9.5min
[CV 1/5] END activation=tanh, hidden_layer_sizes=(13,);, score=-7255.481 total time=14.6min
/home-mscluster/erex/anaconda3/lib/python3.9/site-packages/sklearn/neural_network/_multilayer_perceptron.py:692: ConvergenceWarning: Stochastic Optimizer: Maximum iterations (5000) reached and the optimization hasn't converged yet.
  warnings.warn(
/home-mscluster/erex/anaconda3/lib/python3.9/site-packages/sklearn/neural_network/_multilayer_perceptron.py:692: ConvergenceWarning: Stochastic Optimizer: Maximum iterations (5000) reached and the optimization hasn't converged yet.
  warnings.warn(
[CV 3/5] END activation=relu, hidden_layer_sizes=(13,);, score=-5829.152 total time=10.1min
[CV 3/5] END activation=tanh, hidden_layer_sizes=(13,);, score=-7202.334 total time=14.3min
/home-mscluster/erex/anaconda3/lib/python3.9/site-packages/sklearn/neural_network/_multilayer_perceptron.py:692: ConvergenceWarning: Stochastic Optimizer: Maximum iterations (5000) reached and the optimization hasn't converged yet.
  warnings.warn(
/home-mscluster/erex/anaconda3/lib/python3.9/site-packages/sklearn/neural_network/_multilayer_perceptron.py:692: ConvergenceWarning: Stochastic Optimizer: Maximum iterations (5000) reached and the optimization hasn't converged yet.
  warnings.warn(
[CV 1/5] END activation=tanh, hidden_layer_sizes=(4,);, score=-9060.979 total time=11.0min
[CV 4/5] END activation=tanh, hidden_layer_sizes=(13,);, score=-7233.144 total time=14.2min
[CV 3/5] END activation=relu, hidden_layer_sizes=(50,);, score=-5196.099 total time=12.6min
[CV 2/5] END activation=tanh, hidden_layer_sizes=(50,);, score=-6233.716 total time=14.2min
[CV 5/5] END activation=relu, hidden_layer_sizes=(13,);, score=-5547.272 total time=12.2min
[CV 1/5] END activation=tanh, hidden_layer_sizes=(50,);, score=-6121.822 total time=15.0min
[CV 1/5] END activation=relu, hidden_layer_sizes=(50,);, score=-6077.310 total time=12.7min
[CV 3/5] END activation=tanh, hidden_layer_sizes=(50,);, score=-6014.384 total time=15.1min
/home-mscluster/erex/anaconda3/lib/python3.9/site-packages/sklearn/neural_network/_multilayer_perceptron.py:692: ConvergenceWarning: Stochastic Optimizer: Maximum iterations (5000) reached and the optimization hasn't converged yet.
  warnings.warn(
/home-mscluster/erex/anaconda3/lib/python3.9/site-packages/sklearn/neural_network/_multilayer_perceptron.py:692: ConvergenceWarning: Stochastic Optimizer: Maximum iterations (5000) reached and the optimization hasn't converged yet.
  warnings.warn(
[CV 2/5] END activation=relu, hidden_layer_sizes=(50,);, score=-5337.737 total time=12.8min
[CV 4/5] END activation=tanh, hidden_layer_sizes=(50,);, score=-6161.998 total time=15.2min
/home-mscluster/erex/anaconda3/lib/python3.9/site-packages/sklearn/neural_network/_multilayer_perceptron.py:692: ConvergenceWarning: Stochastic Optimizer: Maximum iterations (5000) reached and the optimization hasn't converged yet.
  warnings.warn(
[CV 4/5] END activation=relu, hidden_layer_sizes=(13,);, score=-6760.942 total time=12.0min
[CV 3/5] END activation=tanh, hidden_layer_sizes=(25,);, score=-6154.869 total time=16.4min
[CV 1/5] END activation=relu, hidden_layer_sizes=(25,);, score=-6008.023 total time=12.8min
[CV 5/5] END activation=tanh, hidden_layer_sizes=(50,);, score=-6079.316 total time=15.6min
/home-mscluster/erex/anaconda3/lib/python3.9/site-packages/sklearn/neural_network/_multilayer_perceptron.py:692: ConvergenceWarning: Stochastic Optimizer: Maximum iterations (5000) reached and the optimization hasn't converged yet.
  warnings.warn(
[CV 4/5] END activation=relu, hidden_layer_sizes=(25,);, score=-7135.088 total time=11.0min
[CV 1/5] END activation=tanh, hidden_layer_sizes=(25,);, score=-6227.719 total time=18.2min
[CV 5/5] END activation=relu, hidden_layer_sizes=(25,);, score=-5362.172 total time=11.0min
[CV 2/5] END activation=tanh, hidden_layer_sizes=(25,);, score=-6277.473 total time=18.3min
[CV 1/5] END activation=relu, hidden_layer_sizes=(13,);, score=-5830.688 total time=12.1min
[CV 4/5] END activation=tanh, hidden_layer_sizes=(25,);, score=-6118.483 total time=17.3min
[CV 2/5] END activation=relu, hidden_layer_sizes=(13,);, score=-5573.540 total time=12.1min
[CV 5/5] END activation=tanh, hidden_layer_sizes=(25,);, score=-6075.347 total time=18.0min
/home-mscluster/erex/anaconda3/lib/python3.9/site-packages/sklearn/neural_network/_multilayer_perceptron.py:692: ConvergenceWarning: Stochastic Optimizer: Maximum iterations (5000) reached and the optimization hasn't converged yet.
  warnings.warn(
[CV 5/5] END activation=relu, hidden_layer_sizes=(50,);, score=-5297.132 total time=12.9min
[CV 1/5] END activation=tanh, hidden_layer_sizes=(100,);, score=-5789.258 total time=20.0min
[CV 4/5] END activation=relu, hidden_layer_sizes=(50,);, score=-5325.622 total time=12.9min
[CV 2/5] END activation=tanh, hidden_layer_sizes=(100,);, score=-6020.308 total time=20.0min
[CV 3/5] END activation=relu, hidden_layer_sizes=(25,);, score=-5422.421 total time=13.1min
[CV 4/5] END activation=tanh, hidden_layer_sizes=(100,);, score=-5721.331 total time=19.8min
[CV 2/5] END activation=relu, hidden_layer_sizes=(25,);, score=-5501.409 total time=13.1min
[CV 3/5] END activation=tanh, hidden_layer_sizes=(100,);, score=-5978.127 total time=21.0min
[CV 5/5] END activation=relu, hidden_layer_sizes=(100,);, score=-5181.081 total time=16.3min
[CV 5/5] END activation=tanh, hidden_layer_sizes=(100,);, score=-5742.257 total time=19.5min
/home-mscluster/erex/anaconda3/lib/python3.9/site-packages/sklearn/neural_network/_multilayer_perceptron.py:692: ConvergenceWarning: Stochastic Optimizer: Maximum iterations (5000) reached and the optimization hasn't converged yet.
  warnings.warn(
/home-mscluster/erex/sensors_project/model/main.py:122: RuntimeWarning: divide by zero encountered in true_divide
  perc = np.abs(y_true-y_pred)/y_true
Fitting 5 folds for each of 18 candidates, totalling 90 fits
[CV 5/5] END max_depth=10, max_features=sqrt, n_estimators=25;, score=-4086.078 total time=   2.1s
[CV 5/5] END max_depth=100, max_features=sqrt, n_estimators=25;, score=-3639.600 total time=   3.8s
[CV 2/5] END max_depth=100, max_features=sqrt, n_estimators=500;, score=-3432.268 total time= 1.2min
[CV 2/5] END max_depth=10, max_features=sqrt, n_estimators=25;, score=-3999.659 total time=   2.1s
[CV 4/5] END max_depth=100, max_features=sqrt, n_estimators=25;, score=-3592.582 total time=   3.8s
[CV 1/5] END max_depth=100, max_features=sqrt, n_estimators=500;, score=-3464.674 total time= 1.3min
[CV 2/5] END max_depth=10, max_features=None, n_estimators=25;, score=-3812.343 total time=   7.7s
[CV 5/5] END max_depth=100, max_features=sqrt, n_estimators=500;, score=-3487.963 total time= 1.2min
[CV 1/5] END max_depth=10, max_features=None, n_estimators=25;, score=-3861.723 total time=   7.7s
[CV 3/5] END max_depth=100, max_features=sqrt, n_estimators=500;, score=-3472.022 total time= 1.2min
[CV 3/5] END max_depth=10, max_features=None, n_estimators=25;, score=-3918.342 total time=   7.7s
[CV 4/5] END max_depth=100, max_features=sqrt, n_estimators=500;, score=-3491.810 total time= 1.2min
[CV 5/5] END max_depth=10, max_features=None, n_estimators=100;, score=-3858.100 total time=  30.6s
[CV 1/5] END max_depth=None, max_features=sqrt, n_estimators=500;, score=-3464.674 total time= 1.1min
[CV 4/5] END max_depth=10, max_features=sqrt, n_estimators=500;, score=-4011.328 total time=  40.7s
[CV 4/5] END max_depth=None, max_features=sqrt, n_estimators=500;, score=-3491.810 total time=  59.5s
[CV 3/5] END max_depth=10, max_features=sqrt, n_estimators=500;, score=-4004.845 total time=  40.7s
[CV 5/5] END max_depth=None, max_features=sqrt, n_estimators=500;, score=-3487.963 total time= 1.1min
[CV 3/5] END max_depth=10, max_features=sqrt, n_estimators=100;, score=-4022.643 total time=   8.3s
[CV 5/5] END max_depth=100, max_features=None, n_estimators=25;, score=-3623.359 total time=  13.5s
[CV 1/5] END max_depth=None, max_features=sqrt, n_estimators=25;, score=-3599.398 total time=   3.8s
[CV 3/5] END max_depth=None, max_features=sqrt, n_estimators=25;, score=-3575.499 total time=   3.8s
[CV 5/5] END max_depth=None, max_features=sqrt, n_estimators=25;, score=-3639.600 total time=   3.7s
[CV 2/5] END max_depth=None, max_features=sqrt, n_estimators=500;, score=-3432.268 total time= 1.3min
[CV 1/5] END max_depth=10, max_features=sqrt, n_estimators=500;, score=-4034.516 total time=  40.6s
[CV 3/5] END max_depth=None, max_features=sqrt, n_estimators=500;, score=-3472.022 total time= 1.1min
[CV 5/5] END max_depth=10, max_features=None, n_estimators=25;, score=-3890.006 total time=   7.7s
[CV 2/5] END max_depth=100, max_features=None, n_estimators=25;, score=-3520.902 total time=  13.6s
[CV 3/5] END max_depth=100, max_features=None, n_estimators=500;, score=-3533.489 total time= 3.3min
[CV 1/5] END max_depth=10, max_features=sqrt, n_estimators=100;, score=-4063.315 total time=   8.2s
[CV 4/5] END max_depth=100, max_features=None, n_estimators=25;, score=-3516.061 total time=  13.4s
[CV 5/5] END max_depth=100, max_features=None, n_estimators=500;, score=-3510.468 total time= 3.4min
[CV 2/5] END max_depth=100, max_features=sqrt, n_estimators=25;, score=-3517.861 total time=   3.8s
[CV 3/5] END max_depth=100, max_features=sqrt, n_estimators=100;, score=-3503.656 total time=  15.0s
[CV 1/5] END max_depth=100, max_features=None, n_estimators=500;, score=-3448.940 total time= 3.5min
[CV 3/5] END max_depth=10, max_features=sqrt, n_estimators=25;, score=-4031.722 total time=   2.0s
[CV 3/5] END max_depth=100, max_features=sqrt, n_estimators=25;, score=-3575.499 total time=   3.7s
[CV 5/5] END max_depth=100, max_features=sqrt, n_estimators=100;, score=-3526.954 total time=  14.9s
[CV 2/5] END max_depth=100, max_features=None, n_estimators=500;, score=-3431.221 total time= 3.4min
[CV 4/5] END max_depth=10, max_features=None, n_estimators=25;, score=-3832.207 total time=   7.7s
[CV 1/5] END max_depth=100, max_features=None, n_estimators=25;, score=-3550.093 total time=  13.6s
[CV 4/5] END max_depth=100, max_features=None, n_estimators=500;, score=-3460.879 total time= 3.4min
[CV 4/5] END max_depth=10, max_features=sqrt, n_estimators=100;, score=-4022.204 total time=   8.2s
[CV 2/5] END max_depth=100, max_features=None, n_estimators=100;, score=-3472.350 total time=  54.6s
[CV 4/5] END max_depth=None, max_features=None, n_estimators=500;, score=-3460.879 total time= 3.1min
[CV 3/5] END max_depth=10, max_features=None, n_estimators=100;, score=-3887.810 total time=  30.6s
[CV 4/5] END max_depth=None, max_features=sqrt, n_estimators=100;, score=-3495.523 total time=  14.8s
[CV 5/5] END max_depth=None, max_features=None, n_estimators=25;, score=-3623.359 total time=  13.3s
[CV 2/5] END max_depth=None, max_features=None, n_estimators=500;, score=-3431.221 total time= 3.2min
[CV 4/5] END max_depth=10, max_features=None, n_estimators=100;, score=-3824.143 total time=  30.5s
[CV 2/5] END max_depth=None, max_features=sqrt, n_estimators=100;, score=-3432.168 total time=  14.9s
[CV 4/5] END max_depth=None, max_features=None, n_estimators=25;, score=-3516.061 total time=  13.3s
[CV 1/5] END max_depth=None, max_features=None, n_estimators=500;, score=-3448.940 total time= 3.2min
[CV 2/5] END max_depth=10, max_features=sqrt, n_estimators=100;, score=-3969.851 total time=   8.2s
[CV 1/5] END max_depth=100, max_features=None, n_estimators=100;, score=-3462.764 total time=  54.4s
[CV 3/5] END max_depth=None, max_features=None, n_estimators=500;, score=-3533.489 total time= 3.2min
[CV 1/5] END max_depth=10, max_features=sqrt, n_estimators=25;, score=-4126.118 total time=   2.1s
[CV 2/5] END max_depth=100, max_features=sqrt, n_estimators=100;, score=-3432.168 total time=  15.0s
[CV 4/5] END max_depth=100, max_features=None, n_estimators=100;, score=-3469.531 total time=  53.7s
[CV 5/5] END max_depth=None, max_features=None, n_estimators=500;, score=-3510.468 total time= 3.1min
/home-mscluster/erex/sensors_project/model/main.py:122: RuntimeWarning: divide by zero encountered in true_divide
  perc = np.abs(y_true-y_pred)/y_true
Traceback (most recent call last):
  File "/home-mscluster/erex/anaconda3/lib/python3.9/runpy.py", line 197, in _run_module_as_main
    return _run_code(code, main_globals, None,
  File "/home-mscluster/erex/anaconda3/lib/python3.9/runpy.py", line 87, in _run_code
    exec(code, run_globals)
  File "/home-mscluster/erex/sensors_project/model/main.py", line 214, in <module>
    main()
  File "/home-mscluster/erex/sensors_project/model/main.py", line 194, in main
    models, evaluations = train_all_models(df,random_state=random_state)
  File "/home-mscluster/erex/sensors_project/model/main.py", line 168, in train_all_models
    gp_regressor = hyper_optimise_gpr(X_train,y_train,random_state=random_state)
  File "/home-mscluster/erex/sensors_project/model/main.py", line 86, in hyper_optimise_gpr
    estimator = GaussianProcessRegressor(random_state=random_state, max_iter=5000)
TypeError: __init__() got an unexpected keyword argument 'max_iter'
[CV 4/5] END max_depth=10, max_features=sqrt, n_estimators=25;, score=-4042.792 total time=   2.1s
[CV 1/5] END max_depth=100, max_features=sqrt, n_estimators=100;, score=-3486.524 total time=  15.0s
[CV 3/5] END max_depth=100, max_features=None, n_estimators=100;, score=-3559.434 total time=  54.3s
[CV 1/5] END max_depth=100, max_features=sqrt, n_estimators=25;, score=-3599.398 total time=   3.8s
[CV 4/5] END max_depth=100, max_features=sqrt, n_estimators=100;, score=-3495.523 total time=  14.8s
[CV 5/5] END max_depth=100, max_features=None, n_estimators=100;, score=-3540.423 total time=  53.6s
[CV 2/5] END max_depth=10, max_features=None, n_estimators=100;, score=-3811.516 total time=  30.7s
[CV 5/5] END max_depth=None, max_features=sqrt, n_estimators=100;, score=-3526.954 total time=  14.9s
[CV 1/5] END max_depth=None, max_features=None, n_estimators=100;, score=-3462.764 total time=  48.3s
[CV 1/5] END max_depth=10, max_features=None, n_estimators=100;, score=-3842.387 total time=  30.7s
[CV 3/5] END max_depth=None, max_features=sqrt, n_estimators=100;, score=-3503.656 total time=  15.0s
[CV 2/5] END max_depth=None, max_features=None, n_estimators=100;, score=-3472.350 total time=  52.1s
[CV 2/5] END max_depth=10, max_features=sqrt, n_estimators=500;, score=-3948.226 total time=  40.8s
[CV 1/5] END max_depth=None, max_features=None, n_estimators=25;, score=-3550.093 total time=  13.6s
[CV 4/5] END max_depth=None, max_features=None, n_estimators=100;, score=-3469.531 total time=  44.9s
[CV 5/5] END max_depth=10, max_features=sqrt, n_estimators=500;, score=-4018.697 total time=  40.8s
[CV 2/5] END max_depth=None, max_features=None, n_estimators=25;, score=-3520.902 total time=  13.5s
[CV 3/5] END max_depth=None, max_features=None, n_estimators=100;, score=-3559.434 total time=  50.6s
[CV 5/5] END max_depth=10, max_features=sqrt, n_estimators=100;, score=-4022.286 total time=   8.2s
[CV 3/5] END max_depth=100, max_features=None, n_estimators=25;, score=-3633.508 total time=  13.6s
[CV 2/5] END max_depth=None, max_features=sqrt, n_estimators=25;, score=-3517.861 total time=   3.7s
[CV 4/5] END max_depth=None, max_features=sqrt, n_estimators=25;, score=-3592.582 total time=   3.7s
[CV 1/5] END max_depth=None, max_features=sqrt, n_estimators=100;, score=-3486.524 total time=  15.0s
[CV 3/5] END max_depth=None, max_features=None, n_estimators=25;, score=-3633.508 total time=  13.6s
[CV 5/5] END max_depth=None, max_features=None, n_estimators=100;, score=-3540.423 total time=  47.7s
[CV 4/5] END max_depth=10, max_features=None, n_estimators=500;, score=-3814.303 total time= 2.2min
[CV 3/5] END max_depth=10, max_features=None, n_estimators=500;, score=-3869.030 total time= 2.3min
[CV 2/5] END max_depth=10, max_features=None, n_estimators=500;, score=-3795.621 total time= 2.3min
[CV 5/5] END max_depth=10, max_features=None, n_estimators=500;, score=-3848.059 total time= 2.3min
[CV 1/5] END max_depth=10, max_features=None, n_estimators=500;, score=-3821.541 total time= 2.3min
