running job: 6
Starting Main
Using random state: 6
Loaded Data
Starting Experiments
Training Unnamed: 0 model ...
Fitting 5 folds for each of 12 candidates, totalling 60 fits
/home-mscluster/erex/anaconda3/lib/python3.9/site-packages/sklearn/neural_network/_multilayer_perceptron.py:692: ConvergenceWarning: Stochastic Optimizer: Maximum iterations (5000) reached and the optimization hasn't converged yet.
  warnings.warn(
/home-mscluster/erex/anaconda3/lib/python3.9/site-packages/sklearn/neural_network/_multilayer_perceptron.py:692: ConvergenceWarning: Stochastic Optimizer: Maximum iterations (5000) reached and the optimization hasn't converged yet.
  warnings.warn(
/home-mscluster/erex/anaconda3/lib/python3.9/site-packages/sklearn/neural_network/_multilayer_perceptron.py:692: ConvergenceWarning: Stochastic Optimizer: Maximum iterations (5000) reached and the optimization hasn't converged yet.
  warnings.warn(
/home-mscluster/erex/anaconda3/lib/python3.9/site-packages/sklearn/neural_network/_multilayer_perceptron.py:692: ConvergenceWarning: Stochastic Optimizer: Maximum iterations (5000) reached and the optimization hasn't converged yet.
  warnings.warn(
/home-mscluster/erex/anaconda3/lib/python3.9/site-packages/sklearn/neural_network/_multilayer_perceptron.py:692: ConvergenceWarning: Stochastic Optimizer: Maximum iterations (5000) reached and the optimization hasn't converged yet.
  warnings.warn(
/home-mscluster/erex/anaconda3/lib/python3.9/site-packages/sklearn/neural_network/_multilayer_perceptron.py:692: ConvergenceWarning: Stochastic Optimizer: Maximum iterations (5000) reached and the optimization hasn't converged yet.
  warnings.warn(
/home-mscluster/erex/anaconda3/lib/python3.9/site-packages/sklearn/neural_network/_multilayer_perceptron.py:692: ConvergenceWarning: Stochastic Optimizer: Maximum iterations (5000) reached and the optimization hasn't converged yet.
  warnings.warn(
/home-mscluster/erex/anaconda3/lib/python3.9/site-packages/sklearn/neural_network/_multilayer_perceptron.py:692: ConvergenceWarning: Stochastic Optimizer: Maximum iterations (5000) reached and the optimization hasn't converged yet.
  warnings.warn(
/home-mscluster/erex/anaconda3/lib/python3.9/site-packages/sklearn/neural_network/_multilayer_perceptron.py:692: ConvergenceWarning: Stochastic Optimizer: Maximum iterations (5000) reached and the optimization hasn't converged yet.
  warnings.warn(
/home-mscluster/erex/anaconda3/lib/python3.9/site-packages/sklearn/neural_network/_multilayer_perceptron.py:692: ConvergenceWarning: Stochastic Optimizer: Maximum iterations (5000) reached and the optimization hasn't converged yet.
  warnings.warn(
/home-mscluster/erex/anaconda3/lib/python3.9/site-packages/sklearn/neural_network/_multilayer_perceptron.py:692: ConvergenceWarning: Stochastic Optimizer: Maximum iterations (5000) reached and the optimization hasn't converged yet.
  warnings.warn(
/home-mscluster/erex/anaconda3/lib/python3.9/site-packages/sklearn/neural_network/_multilayer_perceptron.py:692: ConvergenceWarning: Stochastic Optimizer: Maximum iterations (5000) reached and the optimization hasn't converged yet.
  warnings.warn(
/home-mscluster/erex/anaconda3/lib/python3.9/site-packages/sklearn/neural_network/_multilayer_perceptron.py:692: ConvergenceWarning: Stochastic Optimizer: Maximum iterations (5000) reached and the optimization hasn't converged yet.
  warnings.warn(
/home-mscluster/erex/anaconda3/lib/python3.9/site-packages/sklearn/neural_network/_multilayer_perceptron.py:692: ConvergenceWarning: Stochastic Optimizer: Maximum iterations (5000) reached and the optimization hasn't converged yet.
  warnings.warn(
/home-mscluster/erex/anaconda3/lib/python3.9/site-packages/sklearn/neural_network/_multilayer_perceptron.py:692: ConvergenceWarning: Stochastic Optimizer: Maximum iterations (5000) reached and the optimization hasn't converged yet.
  warnings.warn(
/home-mscluster/erex/anaconda3/lib/python3.9/site-packages/sklearn/neural_network/_multilayer_perceptron.py:692: ConvergenceWarning: Stochastic Optimizer: Maximum iterations (5000) reached and the optimization hasn't converged yet.
  warnings.warn(
/home-mscluster/erex/anaconda3/lib/python3.9/site-packages/sklearn/neural_network/_multilayer_perceptron.py:692: ConvergenceWarning: Stochastic Optimizer: Maximum iterations (5000) reached and the optimization hasn't converged yet.
  warnings.warn(
/home-mscluster/erex/anaconda3/lib/python3.9/site-packages/sklearn/neural_network/_multilayer_perceptron.py:692: ConvergenceWarning: Stochastic Optimizer: Maximum iterations (5000) reached and the optimization hasn't converged yet.
  warnings.warn(
/home-mscluster/erex/anaconda3/lib/python3.9/site-packages/sklearn/neural_network/_multilayer_perceptron.py:692: ConvergenceWarning: Stochastic Optimizer: Maximum iterations (5000) reached and the optimization hasn't converged yet.
  warnings.warn(
/home-mscluster/erex/anaconda3/lib/python3.9/site-packages/sklearn/neural_network/_multilayer_perceptron.py:692: ConvergenceWarning: Stochastic Optimizer: Maximum iterations (5000) reached and the optimization hasn't converged yet.
  warnings.warn(
/home-mscluster/erex/anaconda3/lib/python3.9/site-packages/sklearn/neural_network/_multilayer_perceptron.py:692: ConvergenceWarning: Stochastic Optimizer: Maximum iterations (5000) reached and the optimization hasn't converged yet.
  warnings.warn(
/home-mscluster/erex/anaconda3/lib/python3.9/site-packages/sklearn/neural_network/_multilayer_perceptron.py:692: ConvergenceWarning: Stochastic Optimizer: Maximum iterations (5000) reached and the optimization hasn't converged yet.
  warnings.warn(
/home-mscluster/erex/anaconda3/lib/python3.9/site-packages/sklearn/neural_network/_multilayer_perceptron.py:692: ConvergenceWarning: Stochastic Optimizer: Maximum iterations (5000) reached and the optimization hasn't converged yet.
  warnings.warn(
/home-mscluster/erex/anaconda3/lib/python3.9/site-packages/sklearn/neural_network/_multilayer_perceptron.py:692: ConvergenceWarning: Stochastic Optimizer: Maximum iterations (5000) reached and the optimization hasn't converged yet.
  warnings.warn(
/home-mscluster/erex/anaconda3/lib/python3.9/site-packages/sklearn/neural_network/_multilayer_perceptron.py:692: ConvergenceWarning: Stochastic Optimizer: Maximum iterations (5000) reached and the optimization hasn't converged yet.
  warnings.warn(
/home-mscluster/erex/anaconda3/lib/python3.9/site-packages/sklearn/neural_network/_multilayer_perceptron.py:692: ConvergenceWarning: Stochastic Optimizer: Maximum iterations (5000) reached and the optimization hasn't converged yet.
  warnings.warn(
/home-mscluster/erex/anaconda3/lib/python3.9/site-packages/sklearn/neural_network/_multilayer_perceptron.py:692: ConvergenceWarning: Stochastic Optimizer: Maximum iterations (5000) reached and the optimization hasn't converged yet.
  warnings.warn(
/home-mscluster/erex/anaconda3/lib/python3.9/site-packages/sklearn/neural_network/_multilayer_perceptron.py:692: ConvergenceWarning: Stochastic Optimizer: Maximum iterations (5000) reached and the optimization hasn't converged yet.
  warnings.warn(
/home-mscluster/erex/anaconda3/lib/python3.9/site-packages/sklearn/neural_network/_multilayer_perceptron.py:692: ConvergenceWarning: Stochastic Optimizer: Maximum iterations (5000) reached and the optimization hasn't converged yet.
  warnings.warn(
/home-mscluster/erex/anaconda3/lib/python3.9/site-packages/sklearn/neural_network/_multilayer_perceptron.py:692: ConvergenceWarning: Stochastic Optimizer: Maximum iterations (5000) reached and the optimization hasn't converged yet.
  warnings.warn(
/home-mscluster/erex/anaconda3/lib/python3.9/site-packages/sklearn/neural_network/_multilayer_perceptron.py:692: ConvergenceWarning: Stochastic Optimizer: Maximum iterations (5000) reached and the optimization hasn't converged yet.
  warnings.warn(
/home-mscluster/erex/anaconda3/lib/python3.9/site-packages/sklearn/neural_network/_multilayer_perceptron.py:692: ConvergenceWarning: Stochastic Optimizer: Maximum iterations (5000) reached and the optimization hasn't converged yet.
  warnings.warn(
/home-mscluster/erex/anaconda3/lib/python3.9/site-packages/sklearn/neural_network/_multilayer_perceptron.py:692: ConvergenceWarning: Stochastic Optimizer: Maximum iterations (5000) reached and the optimization hasn't converged yet.
  warnings.warn(
/home-mscluster/erex/anaconda3/lib/python3.9/site-packages/sklearn/neural_network/_multilayer_perceptron.py:692: ConvergenceWarning: Stochastic Optimizer: Maximum iterations (5000) reached and the optimization hasn't converged yet.
  warnings.warn(
/home-mscluster/erex/anaconda3/lib/python3.9/site-packages/sklearn/neural_network/_multilayer_perceptron.py:692: ConvergenceWarning: Stochastic Optimizer: Maximum iterations (5000) reached and the optimization hasn't converged yet.
  warnings.warn(
/home-mscluster/erex/anaconda3/lib/python3.9/site-packages/sklearn/neural_network/_multilayer_perceptron.py:692: ConvergenceWarning: Stochastic Optimizer: Maximum iterations (5000) reached and the optimization hasn't converged yet.
  warnings.warn(
/home-mscluster/erex/anaconda3/lib/python3.9/site-packages/sklearn/neural_network/_multilayer_perceptron.py:692: ConvergenceWarning: Stochastic Optimizer: Maximum iterations (5000) reached and the optimization hasn't converged yet.
  warnings.warn(
/home-mscluster/erex/anaconda3/lib/python3.9/site-packages/sklearn/neural_network/_multilayer_perceptron.py:692: ConvergenceWarning: Stochastic Optimizer: Maximum iterations (5000) reached and the optimization hasn't converged yet.
  warnings.warn(
/home-mscluster/erex/anaconda3/lib/python3.9/site-packages/sklearn/neural_network/_multilayer_perceptron.py:692: ConvergenceWarning: Stochastic Optimizer: Maximum iterations (5000) reached and the optimization hasn't converged yet.
  warnings.warn(
/home-mscluster/erex/anaconda3/lib/python3.9/site-packages/sklearn/neural_network/_multilayer_perceptron.py:692: ConvergenceWarning: Stochastic Optimizer: Maximum iterations (5000) reached and the optimization hasn't converged yet.
  warnings.warn(
/home-mscluster/erex/anaconda3/lib/python3.9/site-packages/sklearn/neural_network/_multilayer_perceptron.py:692: ConvergenceWarning: Stochastic Optimizer: Maximum iterations (5000) reached and the optimization hasn't converged yet.
  warnings.warn(
/home-mscluster/erex/anaconda3/lib/python3.9/site-packages/sklearn/neural_network/_multilayer_perceptron.py:692: ConvergenceWarning: Stochastic Optimizer: Maximum iterations (5000) reached and the optimization hasn't converged yet.
  warnings.warn(
/home-mscluster/erex/anaconda3/lib/python3.9/site-packages/sklearn/neural_network/_multilayer_perceptron.py:692: ConvergenceWarning: Stochastic Optimizer: Maximum iterations (5000) reached and the optimization hasn't converged yet.
  warnings.warn(
/home-mscluster/erex/anaconda3/lib/python3.9/site-packages/sklearn/neural_network/_multilayer_perceptron.py:692: ConvergenceWarning: Stochastic Optimizer: Maximum iterations (5000) reached and the optimization hasn't converged yet.
  warnings.warn(
/home-mscluster/erex/anaconda3/lib/python3.9/site-packages/sklearn/neural_network/_multilayer_perceptron.py:692: ConvergenceWarning: Stochastic Optimizer: Maximum iterations (5000) reached and the optimization hasn't converged yet.
  warnings.warn(
/home-mscluster/erex/anaconda3/lib/python3.9/site-packages/sklearn/neural_network/_multilayer_perceptron.py:692: ConvergenceWarning: Stochastic Optimizer: Maximum iterations (5000) reached and the optimization hasn't converged yet.
  warnings.warn(
/home-mscluster/erex/anaconda3/lib/python3.9/site-packages/sklearn/neural_network/_multilayer_perceptron.py:692: ConvergenceWarning: Stochastic Optimizer: Maximum iterations (5000) reached and the optimization hasn't converged yet.
  warnings.warn(
/home-mscluster/erex/anaconda3/lib/python3.9/site-packages/sklearn/neural_network/_multilayer_perceptron.py:692: ConvergenceWarning: Stochastic Optimizer: Maximum iterations (5000) reached and the optimization hasn't converged yet.
  warnings.warn(
/home-mscluster/erex/anaconda3/lib/python3.9/site-packages/sklearn/neural_network/_multilayer_perceptron.py:692: ConvergenceWarning: Stochastic Optimizer: Maximum iterations (5000) reached and the optimization hasn't converged yet.
  warnings.warn(
/home-mscluster/erex/anaconda3/lib/python3.9/site-packages/sklearn/neural_network/_multilayer_perceptron.py:692: ConvergenceWarning: Stochastic Optimizer: Maximum iterations (5000) reached and the optimization hasn't converged yet.
  warnings.warn(
/home-mscluster/erex/anaconda3/lib/python3.9/site-packages/sklearn/neural_network/_multilayer_perceptron.py:692: ConvergenceWarning: Stochastic Optimizer: Maximum iterations (5000) reached and the optimization hasn't converged yet.
  warnings.warn(
/home-mscluster/erex/anaconda3/lib/python3.9/site-packages/sklearn/neural_network/_multilayer_perceptron.py:692: ConvergenceWarning: Stochastic Optimizer: Maximum iterations (5000) reached and the optimization hasn't converged yet.
  warnings.warn(
/home-mscluster/erex/anaconda3/lib/python3.9/site-packages/sklearn/neural_network/_multilayer_perceptron.py:692: ConvergenceWarning: Stochastic Optimizer: Maximum iterations (5000) reached and the optimization hasn't converged yet.
  warnings.warn(
/home-mscluster/erex/anaconda3/lib/python3.9/site-packages/sklearn/neural_network/_multilayer_perceptron.py:692: ConvergenceWarning: Stochastic Optimizer: Maximum iterations (5000) reached and the optimization hasn't converged yet.
  warnings.warn(
[CV 2/5] END activation=relu, hidden_layer_sizes=(100,);, score=-6376.730 total time= 7.1min
[CV 4/5] END activation=relu, hidden_layer_sizes=(100,);, score=-5351.773 total time= 7.1min
[CV 4/5] END activation=relu, hidden_layer_sizes=7;, score=-5634.297 total time= 3.6min
[CV 3/5] END activation=tanh, hidden_layer_sizes=(4,);, score=-8788.337 total time= 4.1min
[CV 1/5] END activation=relu, hidden_layer_sizes=(100,);, score=-5167.961 total time= 7.7min
[CV 1/5] END activation=relu, hidden_layer_sizes=7;, score=-5564.037 total time= 3.6min
[CV 4/5] END activation=tanh, hidden_layer_sizes=(4,);, score=-8897.253 total time= 4.2min
[CV 2/5] END activation=relu, hidden_layer_sizes=7;, score=-5729.964 total time= 3.7min
[CV 5/5] END activation=tanh, hidden_layer_sizes=(4,);, score=-9117.243 total time= 4.2min
[CV 3/5] END activation=relu, hidden_layer_sizes=(100,);, score=-5050.076 total time= 7.9min
/home-mscluster/erex/anaconda3/lib/python3.9/site-packages/sklearn/neural_network/_multilayer_perceptron.py:692: ConvergenceWarning: Stochastic Optimizer: Maximum iterations (5000) reached and the optimization hasn't converged yet.
  warnings.warn(
/home-mscluster/erex/anaconda3/lib/python3.9/site-packages/sklearn/neural_network/_multilayer_perceptron.py:692: ConvergenceWarning: Stochastic Optimizer: Maximum iterations (5000) reached and the optimization hasn't converged yet.
  warnings.warn(
/home-mscluster/erex/anaconda3/lib/python3.9/site-packages/sklearn/neural_network/_multilayer_perceptron.py:692: ConvergenceWarning: Stochastic Optimizer: Maximum iterations (5000) reached and the optimization hasn't converged yet.
  warnings.warn(
/home-mscluster/erex/anaconda3/lib/python3.9/site-packages/sklearn/neural_network/_multilayer_perceptron.py:692: ConvergenceWarning: Stochastic Optimizer: Maximum iterations (5000) reached and the optimization hasn't converged yet.
  warnings.warn(
[CV 3/5] END activation=relu, hidden_layer_sizes=7;, score=-5380.166 total time= 3.7min
[CV 1/5] END activation=tanh, hidden_layer_sizes=7;, score=-8428.399 total time= 5.0min
[CV 4/5] END activation=relu, hidden_layer_sizes=(13,);, score=-5595.780 total time= 3.9min
[CV 5/5] END activation=tanh, hidden_layer_sizes=7;, score=-8447.354 total time= 5.0min
[CV 3/5] END activation=relu, hidden_layer_sizes=(13,);, score=-5256.899 total time= 3.8min
[CV 3/5] END activation=tanh, hidden_layer_sizes=7;, score=-8117.586 total time= 5.4min
[CV 5/5] END activation=relu, hidden_layer_sizes=(13,);, score=-8919.951 total time= 3.9min
[CV 4/5] END activation=tanh, hidden_layer_sizes=7;, score=-8229.407 total time= 5.4min
[CV 2/5] END activation=relu, hidden_layer_sizes=(13,);, score=-5587.441 total time= 3.8min
[CV 2/5] END activation=tanh, hidden_layer_sizes=7;, score=-8438.249 total time= 5.5min
[CV 1/5] END activation=tanh, hidden_layer_sizes=(4,);, score=-9104.242 total time= 4.2min
[CV 2/5] END activation=tanh, hidden_layer_sizes=(13,);, score=-7280.112 total time= 5.1min
[CV 5/5] END activation=relu, hidden_layer_sizes=(50,);, score=-7336.755 total time= 5.6min
[CV 1/5] END activation=tanh, hidden_layer_sizes=(100,);, score=-6223.049 total time= 3.8min
[CV 1/5] END activation=relu, hidden_layer_sizes=(25,);, score=-5391.350 total time= 4.2min
[CV 1/5] END activation=tanh, hidden_layer_sizes=(13,);, score=-7278.059 total time= 5.3min
[CV 4/5] END activation=relu, hidden_layer_sizes=(25,);, score=-5529.082 total time= 5.0min
[CV 4/5] END activation=tanh, hidden_layer_sizes=(50,);, score=-6103.029 total time= 4.7min
[CV 2/5] END activation=relu, hidden_layer_sizes=(25,);, score=-5914.851 total time= 4.3min
[CV 3/5] END activation=tanh, hidden_layer_sizes=(13,);, score=-6987.201 total time= 5.6min
[CV 1/5] END activation=relu, hidden_layer_sizes=(4,);, score=-5692.983 total time= 4.4min
[CV 4/5] END activation=tanh, hidden_layer_sizes=(13,);, score=-7101.994 total time= 5.6min
[CV 5/5] END activation=relu, hidden_layer_sizes=(4,);, score=-8079.820 total time= 4.4min
[CV 5/5] END activation=tanh, hidden_layer_sizes=(13,);, score=-7313.810 total time= 5.6min
[CV 5/5] END activation=relu, hidden_layer_sizes=7;, score=-6066.945 total time= 4.6min
[CV 1/5] END activation=tanh, hidden_layer_sizes=(50,);, score=-6177.979 total time= 5.9min
[CV 4/5] END activation=relu, hidden_layer_sizes=(50,);, score=-5403.115 total time= 5.0min
[CV 3/5] END activation=tanh, hidden_layer_sizes=(50,);, score=-5936.656 total time= 5.8min
[CV 1/5] END activation=relu, hidden_layer_sizes=(50,);, score=-5340.162 total time= 4.9min
[CV 2/5] END activation=tanh, hidden_layer_sizes=(50,);, score=-6126.930 total time= 6.1min
/home-mscluster/erex/anaconda3/lib/python3.9/site-packages/sklearn/neural_network/_multilayer_perceptron.py:692: ConvergenceWarning: Stochastic Optimizer: Maximum iterations (5000) reached and the optimization hasn't converged yet.
  warnings.warn(
Fitting 5 folds for each of 18 candidates, totalling 90 fits
[CV 5/5] END max_depth=100, max_features=sqrt, n_estimators=25;, score=-3500.050 total time=   1.4s
[CV 4/5] END max_depth=100, max_features=sqrt, n_estimators=500;, score=-3493.694 total time=  27.7s
[CV 5/5] END activation=relu, hidden_layer_sizes=(100,);, score=-9447.884 total time= 6.3min
[CV 5/5] END activation=tanh, hidden_layer_sizes=(100,);, score=-5907.686 total time= 7.0min
[CV 4/5] END max_depth=10, max_features=sqrt, n_estimators=100;, score=-4072.709 total time=   3.0s
[CV 1/5] END max_depth=100, max_features=sqrt, n_estimators=500;, score=-3489.593 total time=  28.7s
[CV 2/5] END activation=relu, hidden_layer_sizes=(50,);, score=-6018.916 total time= 5.8min
[CV 3/5] END activation=tanh, hidden_layer_sizes=(100,);, score=-5827.092 total time= 7.6min
[CV 3/5] END max_depth=10, max_features=sqrt, n_estimators=100;, score=-3911.388 total time=   3.1s
[CV 2/5] END max_depth=100, max_features=sqrt, n_estimators=500;, score=-3538.272 total time=  28.7s
[CV 1/5] END max_depth=100, max_features=sqrt, n_estimators=25;, score=-3606.839 total time=   1.5s
[CV 5/5] END max_depth=100, max_features=sqrt, n_estimators=500;, score=-3407.713 total time=  28.8s
[CV 4/5] END max_depth=100, max_features=sqrt, n_estimators=25;, score=-3581.619 total time=   1.4s
[CV 3/5] END max_depth=100, max_features=sqrt, n_estimators=500;, score=-3374.225 total time=  28.9s
[CV 3/5] END max_depth=10, max_features=None, n_estimators=25;, score=-3792.820 total time=   3.0s
[CV 4/5] END max_depth=100, max_features=None, n_estimators=25;, score=-3651.423 total time=   5.1s
[CV 2/5] END max_depth=None, max_features=sqrt, n_estimators=25;, score=-3658.576 total time=   1.4s
[CV 4/5] END max_depth=None, max_features=sqrt, n_estimators=25;, score=-3581.619 total time=   1.4s
[CV 5/5] END max_depth=None, max_features=sqrt, n_estimators=25;, score=-3500.050 total time=   1.4s
[CV 2/5] END max_depth=None, max_features=sqrt, n_estimators=500;, score=-3538.272 total time=  27.8s
[CV 5/5] END max_depth=10, max_features=None, n_estimators=100;, score=-3704.196 total time=  11.9s
[CV 1/5] END max_depth=None, max_features=sqrt, n_estimators=500;, score=-3489.593 total time=  28.6s
[CV 2/5] END activation=relu, hidden_layer_sizes=(4,);, score=-5812.620 total time= 4.4min
[CV 3/5] END activation=tanh, hidden_layer_sizes=(25,);, score=-6034.867 total time= 7.0min
[CV 4/5] END max_depth=10, max_features=sqrt, n_estimators=25;, score=-4095.740 total time=   0.7s
[CV 2/5] END max_depth=10, max_features=sqrt, n_estimators=500;, score=-4022.425 total time=  15.6s
[CV 4/5] END max_depth=None, max_features=sqrt, n_estimators=500;, score=-3493.694 total time=  27.2s
[CV 3/5] END activation=relu, hidden_layer_sizes=(25,);, score=-5263.828 total time= 5.0min
[CV 5/5] END activation=tanh, hidden_layer_sizes=(50,);, score=-6169.827 total time= 6.1min
[CV 1/5] END max_depth=10, max_features=sqrt, n_estimators=25;, score=-4051.174 total time=   0.7s
[CV 1/5] END max_depth=10, max_features=sqrt, n_estimators=500;, score=-3993.999 total time=  15.5s
[CV 3/5] END max_depth=None, max_features=sqrt, n_estimators=500;, score=-3374.225 total time=  28.1s
[CV 3/5] END activation=relu, hidden_layer_sizes=(4,);, score=-5763.539 total time= 4.4min
[CV 1/5] END activation=tanh, hidden_layer_sizes=(25,);, score=-6168.172 total time= 7.0min
[CV 3/5] END max_depth=10, max_features=sqrt, n_estimators=25;, score=-3945.189 total time=   0.7s
[CV 5/5] END max_depth=10, max_features=sqrt, n_estimators=500;, score=-3949.427 total time=  15.6s
[CV 5/5] END max_depth=None, max_features=sqrt, n_estimators=500;, score=-3407.713 total time=  28.0s
[CV 2/5] END max_depth=100, max_features=sqrt, n_estimators=25;, score=-3658.576 total time=   1.5s
[CV 2/5] END max_depth=100, max_features=None, n_estimators=25;, score=-3681.492 total time=   5.2s
[CV 1/5] END max_depth=100, max_features=None, n_estimators=500;, score=-3549.822 total time= 1.2min
[CV 1/5] END activation=relu, hidden_layer_sizes=(13,);, score=-5522.445 total time= 4.5min
[CV 5/5] END activation=tanh, hidden_layer_sizes=(25,);, score=-6261.795 total time= 7.0min
[CV 1/5] END max_depth=10, max_features=sqrt, n_estimators=100;, score=-3997.436 total time=   2.9s
[CV 3/5] END max_depth=100, max_features=sqrt, n_estimators=100;, score=-3406.026 total time=   5.8s
[CV 2/5] END max_depth=100, max_features=None, n_estimators=500;, score=-3599.496 total time= 1.3min
[CV 5/5] END max_depth=10, max_features=None, n_estimators=25;, score=-3729.413 total time=   3.0s
[CV 5/5] END max_depth=100, max_features=None, n_estimators=25;, score=-3489.989 total time=   5.1s
[CV 5/5] END max_depth=100, max_features=None, n_estimators=500;, score=-3397.701 total time= 1.3min
[CV 3/5] END activation=relu, hidden_layer_sizes=(50,);, score=-5119.533 total time= 5.8min
[CV 4/5] END activation=tanh, hidden_layer_sizes=(100,);, score=-6076.262 total time= 7.8min
[CV 5/5] END max_depth=10, max_features=sqrt, n_estimators=100;, score=-3952.462 total time=   3.0s
[CV 5/5] END max_depth=100, max_features=sqrt, n_estimators=100;, score=-3422.725 total time=   5.8s
[CV 4/5] END max_depth=100, max_features=None, n_estimators=500;, score=-3559.818 total time= 1.3min
[CV 5/5] END activation=relu, hidden_layer_sizes=(25,);, score=-6974.828 total time= 5.7min
[CV 2/5] END activation=tanh, hidden_layer_sizes=(100,);, score=-6017.801 total time= 7.3min
[CV 2/5] END max_depth=10, max_features=sqrt, n_estimators=100;, score=-4026.597 total time=   3.0s
[CV 4/5] END max_depth=100, max_features=sqrt, n_estimators=100;, score=-3528.975 total time=   5.8s
[CV 3/5] END max_depth=100, max_features=None, n_estimators=500;, score=-3434.439 total time= 1.3min
[CV 2/5] END max_depth=10, max_features=None, n_estimators=25;, score=-3945.258 total time=   3.0s
[CV 1/5] END max_depth=100, max_features=None, n_estimators=100;, score=-3566.818 total time=  20.7s
[CV 3/5] END max_depth=None, max_features=None, n_estimators=500;, score=-3434.439 total time= 1.1min
[CV 3/5] END max_depth=10, max_features=None, n_estimators=100;, score=-3763.999 total time=  11.8s
[CV 4/5] END max_depth=None, max_features=sqrt, n_estimators=100;, score=-3528.975 total time=   5.8s
[CV 5/5] END max_depth=None, max_features=None, n_estimators=25;, score=-3489.989 total time=   5.1s
[CV 2/5] END max_depth=None, max_features=None, n_estimators=500;, score=-3599.496 total time= 1.2min
[CV 4/5] END max_depth=10, max_features=None, n_estimators=100;, score=-3895.655 total time=  11.8s
[CV 2/5] END max_depth=None, max_features=sqrt, n_estimators=100;, score=-3583.514 total time=   5.7s
[CV 4/5] END max_depth=None, max_features=None, n_estimators=25;, score=-3651.423 total time=   5.1s
[CV 1/5] END max_depth=None, max_features=None, n_estimators=500;, score=-3549.822 total time= 1.2min
[CV 1/5] END max_depth=10, max_features=None, n_estimators=25;, score=-3901.385 total time=   3.0s
[CV 2/5] END max_depth=100, max_features=None, n_estimators=100;, score=-3615.336 total time=  20.7s
[CV 4/5] END max_depth=None, max_features=None, n_estimators=500;, score=-3559.818 total time= 1.2min
[CV 1/5] END max_depth=100, max_features=sqrt, n_estimators=100;, score=-3508.318 total time=   5.8s
[CV 4/5] END max_depth=100, max_features=None, n_estimators=100;, score=-3581.909 total time=  20.5s
[CV 5/5] END max_depth=None, max_features=None, n_estimators=500;, score=-3397.701 total time= 1.2min
Fitting 5 folds for each of 8 candidates, totalling 40 fits
Traceback (most recent call last):
  File "/home-mscluster/erex/anaconda3/lib/python3.9/runpy.py", line 197, in _run_module_as_main
    return _run_code(code, main_globals, None,
  File "/home-mscluster/erex/anaconda3/lib/python3.9/runpy.py", line 87, in _run_code
    exec(code, run_globals)
  File "/home-mscluster/erex/sensors_project/model/main.py", line 214, in <module>
    main()
  File "/home-mscluster/erex/sensors_project/model/main.py", line 194, in main
    models, evaluations = train_all_models(df,random_state=random_state)
  File "/home-mscluster/erex/sensors_project/model/main.py", line 168, in train_all_models
    gp_regressor = hyper_optimise_gpr(X_train,y_train,random_state=random_state)
  File "/home-mscluster/erex/sensors_project/model/main.py", line 101, in hyper_optimise_gpr
    grid_result = gsc.fit(X_tr, y_tr)
  File "/home-mscluster/erex/anaconda3/lib/python3.9/site-packages/sklearn/model_selection/_search.py", line 891, in fit
    self._run_search(evaluate_candidates)
  File "/home-mscluster/erex/anaconda3/lib/python3.9/site-packages/sklearn/model_selection/_search.py", line 1392, in _run_search
    evaluate_candidates(ParameterGrid(self.param_grid))
  File "/home-mscluster/erex/anaconda3/lib/python3.9/site-packages/sklearn/model_selection/_search.py", line 838, in evaluate_candidates
    out = parallel(
  File "/home-mscluster/erex/anaconda3/lib/python3.9/site-packages/joblib/parallel.py", line 1056, in __call__
    self.retrieve()
  File "/home-mscluster/erex/anaconda3/lib/python3.9/site-packages/joblib/parallel.py", line 935, in retrieve
    self._output.extend(job.get(timeout=self.timeout))
  File "/home-mscluster/erex/anaconda3/lib/python3.9/site-packages/joblib/_parallel_backends.py", line 542, in wrap_future_result
    return future.result(timeout=timeout)
  File "/home-mscluster/erex/anaconda3/lib/python3.9/concurrent/futures/_base.py", line 446, in result
    return self.__get_result()
  File "/home-mscluster/erex/anaconda3/lib/python3.9/concurrent/futures/_base.py", line 391, in __get_result
    raise self._exception
joblib.externals.loky.process_executor.TerminatedWorkerError: A worker process managed by the executor was unexpectedly terminated. This could be caused by a segmentation fault while calling the function or by an excessive memory usage causing the Operating System to kill the worker.

The exit codes of the workers are {SIGKILL(-9)}
